This is pdfTeX, Version 3.14159265-2.6-1.40.16 (TeX Live 2015) (preloaded format=pdflatex 2015.5.24)  12 JUL 2019 11:38
entering extended mode
 restricted \write18 enabled.
 %&-line parsing enabled.
**tables_and_figures.tex
(./tables_and_figures.tex
LaTeX2e <2015/01/01>
Babel <3.9l> and hyphenation patterns for 79 languages loaded.
(/usr/local/texlive/2015/texmf-dist/tex/latex/base/article.cls
Document Class: article 2014/09/29 v1.4h Standard LaTeX document class
(/usr/local/texlive/2015/texmf-dist/tex/latex/base/size12.clo
File: size12.clo 2014/09/29 v1.4h Standard LaTeX file (size option)
)
\c@part=\count79
\c@section=\count80
\c@subsection=\count81
\c@subsubsection=\count82
\c@paragraph=\count83
\c@subparagraph=\count84
\c@figure=\count85
\c@table=\count86
\abovecaptionskip=\skip41
\belowcaptionskip=\skip42
\bibindent=\dimen102
)
\@input{latex_extras/packages.aux}
\openout2 = `latex_extras/packages.aux'.

(./latex_extras/packages.tex
(/usr/local/texlive/2015/texmf-dist/tex/latex/graphics/graphicx.sty
Package: graphicx 2014/10/28 v1.0g Enhanced LaTeX Graphics (DPC,SPQR)

(/usr/local/texlive/2015/texmf-dist/tex/latex/graphics/keyval.sty
Package: keyval 2014/10/28 v1.15 key=value parser (DPC)
\KV@toks@=\toks14
)
(/usr/local/texlive/2015/texmf-dist/tex/latex/graphics/graphics.sty
Package: graphics 2014/10/28 v1.0p Standard LaTeX Graphics (DPC,SPQR)

(/usr/local/texlive/2015/texmf-dist/tex/latex/graphics/trig.sty
Package: trig 1999/03/16 v1.09 sin cos tan (DPC)
)
(/usr/local/texlive/2015/texmf-dist/tex/latex/latexconfig/graphics.cfg
File: graphics.cfg 2010/04/23 v1.9 graphics configuration of TeX Live
)
Package graphics Info: Driver file: pdftex.def on input line 94.

(/usr/local/texlive/2015/texmf-dist/tex/latex/pdftex-def/pdftex.def
File: pdftex.def 2011/05/27 v0.06d Graphics/color for pdfTeX

(/usr/local/texlive/2015/texmf-dist/tex/generic/oberdiek/infwarerr.sty
Package: infwarerr 2010/04/08 v1.3 Providing info/warning/error messages (HO)
)
(/usr/local/texlive/2015/texmf-dist/tex/generic/oberdiek/ltxcmds.sty
Package: ltxcmds 2011/11/09 v1.22 LaTeX kernel commands for general use (HO)
)
\Gread@gobject=\count87
))
\Gin@req@height=\dimen103
\Gin@req@width=\dimen104
)
(/usr/local/texlive/2015/texmf-dist/tex/latex/natbib/natbib.sty
Package: natbib 2010/09/13 8.31b (PWD, AO)
\bibhang=\skip43
\bibsep=\skip44
LaTeX Info: Redefining \cite on input line 694.
\c@NAT@ctr=\count88
)
(/usr/local/texlive/2015/texmf-dist/tex/latex/oberdiek/inputenx.sty
Package: inputenx 2011/05/27 v1.10 Enhanced input encoding handling (HO)

(/usr/local/texlive/2015/texmf-dist/tex/latex/oberdiek/ix-alias.def
File: ix-alias.def 2011/05/27 v1.10 Alias list (inputenx)
)
Package inputenx Info: Encoding name: utf8
(inputenx)             Encoding file: utf8.def
(inputenx)              on input line 171.

(/usr/local/texlive/2015/texmf-dist/tex/latex/base/inputenc.sty
Package: inputenc 2015/03/17 v1.2c Input encoding file
\inpenc@prehook=\toks15
\inpenc@posthook=\toks16
)
(/usr/local/texlive/2015/texmf-dist/tex/latex/base/utf8.def
File: utf8.def 2014/09/29 v1.1m UTF-8 support for inputenc
Now handling font encoding OML ...
... no UTF-8 mapping file for font encoding OML
Now handling font encoding T1 ...
... processing UTF-8 mapping file for font encoding T1

(/usr/local/texlive/2015/texmf-dist/tex/latex/base/t1enc.dfu
File: t1enc.dfu 2014/09/29 v1.1m UTF-8 support for inputenc
   defining Unicode char U+00A1 (decimal 161)
   defining Unicode char U+00A3 (decimal 163)
   defining Unicode char U+00AB (decimal 171)
   defining Unicode char U+00BB (decimal 187)
   defining Unicode char U+00BF (decimal 191)
   defining Unicode char U+00C0 (decimal 192)
   defining Unicode char U+00C1 (decimal 193)
   defining Unicode char U+00C2 (decimal 194)
   defining Unicode char U+00C3 (decimal 195)
   defining Unicode char U+00C4 (decimal 196)
   defining Unicode char U+00C5 (decimal 197)
   defining Unicode char U+00C6 (decimal 198)
   defining Unicode char U+00C7 (decimal 199)
   defining Unicode char U+00C8 (decimal 200)
   defining Unicode char U+00C9 (decimal 201)
   defining Unicode char U+00CA (decimal 202)
   defining Unicode char U+00CB (decimal 203)
   defining Unicode char U+00CC (decimal 204)
   defining Unicode char U+00CD (decimal 205)
   defining Unicode char U+00CE (decimal 206)
   defining Unicode char U+00CF (decimal 207)
   defining Unicode char U+00D0 (decimal 208)
   defining Unicode char U+00D1 (decimal 209)
   defining Unicode char U+00D2 (decimal 210)
   defining Unicode char U+00D3 (decimal 211)
   defining Unicode char U+00D4 (decimal 212)
   defining Unicode char U+00D5 (decimal 213)
   defining Unicode char U+00D6 (decimal 214)
   defining Unicode char U+00D8 (decimal 216)
   defining Unicode char U+00D9 (decimal 217)
   defining Unicode char U+00DA (decimal 218)
   defining Unicode char U+00DB (decimal 219)
   defining Unicode char U+00DC (decimal 220)
   defining Unicode char U+00DD (decimal 221)
   defining Unicode char U+00DE (decimal 222)
   defining Unicode char U+00DF (decimal 223)
   defining Unicode char U+00E0 (decimal 224)
   defining Unicode char U+00E1 (decimal 225)
   defining Unicode char U+00E2 (decimal 226)
   defining Unicode char U+00E3 (decimal 227)
   defining Unicode char U+00E4 (decimal 228)
   defining Unicode char U+00E5 (decimal 229)
   defining Unicode char U+00E6 (decimal 230)
   defining Unicode char U+00E7 (decimal 231)
   defining Unicode char U+00E8 (decimal 232)
   defining Unicode char U+00E9 (decimal 233)
   defining Unicode char U+00EA (decimal 234)
   defining Unicode char U+00EB (decimal 235)
   defining Unicode char U+00EC (decimal 236)
   defining Unicode char U+00ED (decimal 237)
   defining Unicode char U+00EE (decimal 238)
   defining Unicode char U+00EF (decimal 239)
   defining Unicode char U+00F0 (decimal 240)
   defining Unicode char U+00F1 (decimal 241)
   defining Unicode char U+00F2 (decimal 242)
   defining Unicode char U+00F3 (decimal 243)
   defining Unicode char U+00F4 (decimal 244)
   defining Unicode char U+00F5 (decimal 245)
   defining Unicode char U+00F6 (decimal 246)
   defining Unicode char U+00F8 (decimal 248)
   defining Unicode char U+00F9 (decimal 249)
   defining Unicode char U+00FA (decimal 250)
   defining Unicode char U+00FB (decimal 251)
   defining Unicode char U+00FC (decimal 252)
   defining Unicode char U+00FD (decimal 253)
   defining Unicode char U+00FE (decimal 254)
   defining Unicode char U+00FF (decimal 255)
   defining Unicode char U+0102 (decimal 258)
   defining Unicode char U+0103 (decimal 259)
   defining Unicode char U+0104 (decimal 260)
   defining Unicode char U+0105 (decimal 261)
   defining Unicode char U+0106 (decimal 262)
   defining Unicode char U+0107 (decimal 263)
   defining Unicode char U+010C (decimal 268)
   defining Unicode char U+010D (decimal 269)
   defining Unicode char U+010E (decimal 270)
   defining Unicode char U+010F (decimal 271)
   defining Unicode char U+0110 (decimal 272)
   defining Unicode char U+0111 (decimal 273)
   defining Unicode char U+0118 (decimal 280)
   defining Unicode char U+0119 (decimal 281)
   defining Unicode char U+011A (decimal 282)
   defining Unicode char U+011B (decimal 283)
   defining Unicode char U+011E (decimal 286)
   defining Unicode char U+011F (decimal 287)
   defining Unicode char U+0130 (decimal 304)
   defining Unicode char U+0131 (decimal 305)
   defining Unicode char U+0132 (decimal 306)
   defining Unicode char U+0133 (decimal 307)
   defining Unicode char U+0139 (decimal 313)
   defining Unicode char U+013A (decimal 314)
   defining Unicode char U+013D (decimal 317)
   defining Unicode char U+013E (decimal 318)
   defining Unicode char U+0141 (decimal 321)
   defining Unicode char U+0142 (decimal 322)
   defining Unicode char U+0143 (decimal 323)
   defining Unicode char U+0144 (decimal 324)
   defining Unicode char U+0147 (decimal 327)
   defining Unicode char U+0148 (decimal 328)
   defining Unicode char U+014A (decimal 330)
   defining Unicode char U+014B (decimal 331)
   defining Unicode char U+0150 (decimal 336)
   defining Unicode char U+0151 (decimal 337)
   defining Unicode char U+0152 (decimal 338)
   defining Unicode char U+0153 (decimal 339)
   defining Unicode char U+0154 (decimal 340)
   defining Unicode char U+0155 (decimal 341)
   defining Unicode char U+0158 (decimal 344)
   defining Unicode char U+0159 (decimal 345)
   defining Unicode char U+015A (decimal 346)
   defining Unicode char U+015B (decimal 347)
   defining Unicode char U+015E (decimal 350)
   defining Unicode char U+015F (decimal 351)
   defining Unicode char U+0160 (decimal 352)
   defining Unicode char U+0161 (decimal 353)
   defining Unicode char U+0162 (decimal 354)
   defining Unicode char U+0163 (decimal 355)
   defining Unicode char U+0164 (decimal 356)
   defining Unicode char U+0165 (decimal 357)
   defining Unicode char U+016E (decimal 366)
   defining Unicode char U+016F (decimal 367)
   defining Unicode char U+0170 (decimal 368)
   defining Unicode char U+0171 (decimal 369)
   defining Unicode char U+0178 (decimal 376)
   defining Unicode char U+0179 (decimal 377)
   defining Unicode char U+017A (decimal 378)
   defining Unicode char U+017B (decimal 379)
   defining Unicode char U+017C (decimal 380)
   defining Unicode char U+017D (decimal 381)
   defining Unicode char U+017E (decimal 382)
   defining Unicode char U+200C (decimal 8204)
   defining Unicode char U+2013 (decimal 8211)
   defining Unicode char U+2014 (decimal 8212)
   defining Unicode char U+2018 (decimal 8216)
   defining Unicode char U+2019 (decimal 8217)
   defining Unicode char U+201A (decimal 8218)
   defining Unicode char U+201C (decimal 8220)
   defining Unicode char U+201D (decimal 8221)
   defining Unicode char U+201E (decimal 8222)
   defining Unicode char U+2030 (decimal 8240)
   defining Unicode char U+2031 (decimal 8241)
   defining Unicode char U+2039 (decimal 8249)
   defining Unicode char U+203A (decimal 8250)
   defining Unicode char U+2423 (decimal 9251)
)
Now handling font encoding OT1 ...
... processing UTF-8 mapping file for font encoding OT1

(/usr/local/texlive/2015/texmf-dist/tex/latex/base/ot1enc.dfu
File: ot1enc.dfu 2014/09/29 v1.1m UTF-8 support for inputenc
   defining Unicode char U+00A1 (decimal 161)
   defining Unicode char U+00A3 (decimal 163)
   defining Unicode char U+00B8 (decimal 184)
   defining Unicode char U+00BF (decimal 191)
   defining Unicode char U+00C5 (decimal 197)
   defining Unicode char U+00C6 (decimal 198)
   defining Unicode char U+00D8 (decimal 216)
   defining Unicode char U+00DF (decimal 223)
   defining Unicode char U+00E6 (decimal 230)
   defining Unicode char U+00EC (decimal 236)
   defining Unicode char U+00ED (decimal 237)
   defining Unicode char U+00EE (decimal 238)
   defining Unicode char U+00EF (decimal 239)
   defining Unicode char U+00F8 (decimal 248)
   defining Unicode char U+0131 (decimal 305)
   defining Unicode char U+0141 (decimal 321)
   defining Unicode char U+0142 (decimal 322)
   defining Unicode char U+0152 (decimal 338)
   defining Unicode char U+0153 (decimal 339)
   defining Unicode char U+2013 (decimal 8211)
   defining Unicode char U+2014 (decimal 8212)
   defining Unicode char U+2018 (decimal 8216)
   defining Unicode char U+2019 (decimal 8217)
   defining Unicode char U+201C (decimal 8220)
   defining Unicode char U+201D (decimal 8221)
)
Now handling font encoding OMS ...
... processing UTF-8 mapping file for font encoding OMS

(/usr/local/texlive/2015/texmf-dist/tex/latex/base/omsenc.dfu
File: omsenc.dfu 2014/09/29 v1.1m UTF-8 support for inputenc
   defining Unicode char U+00A7 (decimal 167)
   defining Unicode char U+00B6 (decimal 182)
   defining Unicode char U+00B7 (decimal 183)
   defining Unicode char U+2020 (decimal 8224)
   defining Unicode char U+2021 (decimal 8225)
   defining Unicode char U+2022 (decimal 8226)
)
Now handling font encoding OMX ...
... no UTF-8 mapping file for font encoding OMX
Now handling font encoding U ...
... no UTF-8 mapping file for font encoding U
   defining Unicode char U+00A9 (decimal 169)
   defining Unicode char U+00AA (decimal 170)
   defining Unicode char U+00AE (decimal 174)
   defining Unicode char U+00BA (decimal 186)
   defining Unicode char U+02C6 (decimal 710)
   defining Unicode char U+02DC (decimal 732)
   defining Unicode char U+200C (decimal 8204)
   defining Unicode char U+2026 (decimal 8230)
   defining Unicode char U+2122 (decimal 8482)
   defining Unicode char U+2423 (decimal 9251)
))
(/usr/local/texlive/2015/texmf-dist/tex/latex/adjustbox/adjustbox.sty
Package: adjustbox 2012/05/21 v1.0 Adjusting TeX boxes (trim, clip, ...)

(/usr/local/texlive/2015/texmf-dist/tex/latex/xkeyval/xkeyval.sty
Package: xkeyval 2014/12/03 v2.7a package option processing (HA)

(/usr/local/texlive/2015/texmf-dist/tex/generic/xkeyval/xkeyval.tex
(/usr/local/texlive/2015/texmf-dist/tex/generic/xkeyval/xkvutils.tex
\XKV@toks=\toks17
\XKV@tempa@toks=\toks18
)
\XKV@depth=\count89
File: xkeyval.tex 2014/12/03 v2.7a key=value parser (HA)
))
(/usr/local/texlive/2015/texmf-dist/tex/latex/adjustbox/adjcalc.sty
Package: adjcalc 2012/05/16 v1.1 Provides advanced setlength with multiple back
-ends (calc, etex, pgfmath)
)
(/usr/local/texlive/2015/texmf-dist/tex/latex/adjustbox/trimclip.sty
Package: trimclip 2012/05/16 v1.0 Trim and clip general TeX material

(/usr/local/texlive/2015/texmf-dist/tex/latex/collectbox/collectbox.sty
Package: collectbox 2012/05/17 v0.4b Collect macro arguments as boxes
\collectedbox=\box26
)
\tc@llx=\dimen105
\tc@lly=\dimen106
\tc@urx=\dimen107
\tc@ury=\dimen108
Package trimclip Info: Using driver 'tc-pdftex.def'.

(/usr/local/texlive/2015/texmf-dist/tex/latex/adjustbox/tc-pdftex.def
File: tc-pdftex.def 2012/05/13 v1.0 Clipping driver for pdftex
))
\adjbox@Width=\dimen109
\adjbox@Height=\dimen110
\adjbox@Depth=\dimen111
\adjbox@Totalheight=\dimen112

(/usr/local/texlive/2015/texmf-dist/tex/latex/ifoddpage/ifoddpage.sty
Package: ifoddpage 2011/09/13 v1.0 Conditionals for odd/even page detection
\c@checkoddpage=\count90
)
(/usr/local/texlive/2015/texmf-dist/tex/latex/varwidth/varwidth.sty
Package: varwidth 2009/03/30 ver 0.92;  Variable-width minipages
\@vwid@box=\box27
\sift@deathcycles=\count91
\@vwid@loff=\dimen113
\@vwid@roff=\dimen114
))
(/usr/local/texlive/2015/texmf-dist/tex/latex/booktabs/booktabs.sty
Package: booktabs 2005/04/14 v1.61803 publication quality tables
\heavyrulewidth=\dimen115
\lightrulewidth=\dimen116
\cmidrulewidth=\dimen117
\belowrulesep=\dimen118
\belowbottomsep=\dimen119
\aboverulesep=\dimen120
\abovetopsep=\dimen121
\cmidrulesep=\dimen122
\cmidrulekern=\dimen123
\defaultaddspace=\dimen124
\@cmidla=\count92
\@cmidlb=\count93
\@aboverulesep=\dimen125
\@belowrulesep=\dimen126
\@thisruleclass=\count94
\@lastruleclass=\count95
\@thisrulewidth=\dimen127
)
(/usr/local/texlive/2015/texmf-dist/tex/latex/threeparttable/threeparttable.sty
Package: threeparttable 2003/06/13  v 3.0
\@tempboxb=\box28
) (/usr/local/texlive/2015/texmf-dist/tex/latex/rotating/rotating.sty
Package: rotating 2009/03/28 v2.16a rotated objects in LaTeX

(/usr/local/texlive/2015/texmf-dist/tex/latex/base/ifthen.sty
Package: ifthen 2014/09/29 v1.1c Standard LaTeX ifthen package (DPC)
)
\c@r@tfl@t=\count96
\rotFPtop=\skip45
\rotFPbot=\skip46
\rot@float@box=\box29
\rot@mess@toks=\toks19
)
(/usr/local/texlive/2015/texmf-dist/tex/latex/amsmath/amsmath.sty
Package: amsmath 2013/01/14 v2.14 AMS math features
\@mathmargin=\skip47

For additional information on amsmath, use the `?' option.
(/usr/local/texlive/2015/texmf-dist/tex/latex/amsmath/amstext.sty
Package: amstext 2000/06/29 v2.01

(/usr/local/texlive/2015/texmf-dist/tex/latex/amsmath/amsgen.sty
File: amsgen.sty 1999/11/30 v2.0
\@emptytoks=\toks20
\ex@=\dimen128
))
(/usr/local/texlive/2015/texmf-dist/tex/latex/amsmath/amsbsy.sty
Package: amsbsy 1999/11/29 v1.2d
\pmbraise@=\dimen129
)
(/usr/local/texlive/2015/texmf-dist/tex/latex/amsmath/amsopn.sty
Package: amsopn 1999/12/14 v2.01 operator names
)
\inf@bad=\count97
LaTeX Info: Redefining \frac on input line 210.
\uproot@=\count98
\leftroot@=\count99
LaTeX Info: Redefining \overline on input line 306.
\classnum@=\count100
\DOTSCASE@=\count101
LaTeX Info: Redefining \ldots on input line 378.
LaTeX Info: Redefining \dots on input line 381.
LaTeX Info: Redefining \cdots on input line 466.
\Mathstrutbox@=\box30
\strutbox@=\box31
\big@size=\dimen130
LaTeX Font Info:    Redeclaring font encoding OML on input line 566.
LaTeX Font Info:    Redeclaring font encoding OMS on input line 567.
\macc@depth=\count102
\c@MaxMatrixCols=\count103
\dotsspace@=\muskip10
\c@parentequation=\count104
\dspbrk@lvl=\count105
\tag@help=\toks21
\row@=\count106
\column@=\count107
\maxfields@=\count108
\andhelp@=\toks22
\eqnshift@=\dimen131
\alignsep@=\dimen132
\tagshift@=\dimen133
\tagwidth@=\dimen134
\totwidth@=\dimen135
\lineht@=\dimen136
\@envbody=\toks23
\multlinegap=\skip48
\multlinetaggap=\skip49
\mathdisplay@stack=\toks24
LaTeX Info: Redefining \[ on input line 2665.
LaTeX Info: Redefining \] on input line 2666.
)
(/usr/local/texlive/2015/texmf-dist/tex/latex/amsfonts/amssymb.sty
Package: amssymb 2013/01/14 v3.01 AMS font symbols

(/usr/local/texlive/2015/texmf-dist/tex/latex/amsfonts/amsfonts.sty
Package: amsfonts 2013/01/14 v3.01 Basic AMSFonts support
\symAMSa=\mathgroup4
\symAMSb=\mathgroup5
LaTeX Font Info:    Overwriting math alphabet `\mathfrak' in version `bold'
(Font)                  U/euf/m/n --> U/euf/b/n on input line 106.
))
(/usr/local/texlive/2015/texmf-dist/tex/latex/jknapltx/mathrsfs.sty
Package: mathrsfs 1996/01/01 Math RSFS package v1.0 (jk)
\symrsfs=\mathgroup6
)
(/usr/local/texlive/2015/texmf-dist/tex/latex/tools/bm.sty
Package: bm 2014/10/28 v1.1c Bold Symbol Support (DPC/FMi)
\symboldoperators=\mathgroup7
\symboldletters=\mathgroup8
\symboldsymbols=\mathgroup9
LaTeX Font Info:    Redeclaring math alphabet \mathbf on input line 141.
LaTeX Info: Redefining \bm on input line 207.
)
(/usr/local/texlive/2015/texmf-dist/tex/latex/caption/caption.sty
Package: caption 2013/05/02 v3.3-89 Customizing captions (AR)

(/usr/local/texlive/2015/texmf-dist/tex/latex/caption/caption3.sty
Package: caption3 2013/05/02 v1.6-88 caption3 kernel (AR)
Package caption3 Info: TeX engine: e-TeX on input line 57.
\captionmargin=\dimen137
\captionmargin@=\dimen138
\captionwidth=\dimen139
\caption@tempdima=\dimen140
\caption@indent=\dimen141
\caption@parindent=\dimen142
\caption@hangindent=\dimen143
)
\c@ContinuedFloat=\count109
Package caption Info: rotating package is loaded.
Package caption Info: threeparttable package is loaded.
)
(/usr/local/texlive/2015/texmf-dist/tex/latex/caption/subcaption.sty
Package: subcaption 2013/02/03 v1.1-62 Sub-captions (AR)
\c@subfigure=\count110
\c@subtable=\count111
)
(/usr/local/texlive/2015/texmf-dist/tex/latex/setspace/setspace.sty
Package: setspace 2011/12/19 v6.7a set line spacing
)
(/usr/local/texlive/2015/texmf-dist/tex/latex/geometry/geometry.sty
Package: geometry 2010/09/12 v5.6 Page Geometry

(/usr/local/texlive/2015/texmf-dist/tex/generic/oberdiek/ifpdf.sty
Package: ifpdf 2011/01/30 v2.3 Provides the ifpdf switch (HO)
Package ifpdf Info: pdfTeX in PDF mode is detected.
)
(/usr/local/texlive/2015/texmf-dist/tex/generic/oberdiek/ifvtex.sty
Package: ifvtex 2010/03/01 v1.5 Detect VTeX and its facilities (HO)
Package ifvtex Info: VTeX not detected.
)
(/usr/local/texlive/2015/texmf-dist/tex/generic/ifxetex/ifxetex.sty
Package: ifxetex 2010/09/12 v0.6 Provides ifxetex conditional
)
\Gm@cnth=\count112
\Gm@cntv=\count113
\c@Gm@tempcnt=\count114
\Gm@bindingoffset=\dimen144
\Gm@wd@mp=\dimen145
\Gm@odd@mp=\dimen146
\Gm@even@mp=\dimen147
\Gm@layoutwidth=\dimen148
\Gm@layoutheight=\dimen149
\Gm@layouthoffset=\dimen150
\Gm@layoutvoffset=\dimen151
\Gm@dimlist=\toks25
)
(/usr/local/texlive/2015/texmf-dist/tex/latex/changepage/chngpage.sty
Package: chngpage 2009/10/20 v1.2b change page layout
\c@cp@cnt=\count115
\c@cp@tempcnt=\count116
LaTeX Info: Redefining \checkoddpage on input line 48.
)
(/usr/local/texlive/2015/texmf-dist/tex/latex/everypage/everypage.sty
Package: everypage 2007/06/20 1.1 Hooks to run on every page
)
(/usr/local/texlive/2015/texmf-dist/tex/latex/floatrow/floatrow.sty
Package: floatrow 2008/08/02 v0.3b floatrow: float package extension
\c@float@type=\count117
\float@exts=\toks26
\float@box=\box32
\@floatcapt=\box33
Package floatrow Info: Modified float package code loaded on input line 455.
Package floatrow Info: Modified rotfloat package code loaded on input line 473.

\FR@everyfloat=\toks27
\flrow@foot=\insert233
\FB@wd=\dimen152
\FBo@wd=\dimen153
\FBc@wd=\dimen154
\FBo@ht=\skip50
\FBc@ht=\skip51
\FBf@ht=\skip52
\FBo@max=\skip53
\FBc@max=\skip54
\FBf@max=\skip55
\c@FBl@b=\count118
\floatbox@depth=\count119
\c@FRobj=\count120
\c@FRsobj=\count121
\Xhsize=\skip56
\sXhsize=\skip57
\Zhsize=\skip58
\sZhsize=\skip59
\flrow@rowbox=\box34
\FR@Zunitlength=\dimen155
\c@FBcnt=\count122
\FPOScnt=\count123
\LTleft=\skip60
\LTright=\skip61
\LTleft=\skip62
\LTright=\skip63
\flrow@types=\toks28
)
(/usr/local/texlive/2015/texmf-dist/tex/latex/bezos/accents.sty
Package: accents 2006/05/12 v1.3 Math Accent Tools
\cc@skew=\dimen156
\cc@wd=\dimen157
\cc@code=\count124
\cc@group=\count125
\cc@skewchar=\count126
)
(/usr/local/texlive/2015/texmf-dist/tex/latex/comment/comment.sty
\CommentStream=\write3

Excluding comment 'comment')
(/usr/local/texlive/2015/texmf-dist/tex/latex/morefloats/morefloats.sty
Package: morefloats 2012/01/28 v1.0f Raise limit of unprocessed floats (HMM; DH
)

(/usr/local/texlive/2015/texmf-dist/tex/latex/oberdiek/kvoptions.sty
Package: kvoptions 2011/06/30 v3.11 Key value format for package options (HO)

(/usr/local/texlive/2015/texmf-dist/tex/generic/oberdiek/kvsetkeys.sty
Package: kvsetkeys 2012/04/25 v1.16 Key value parser (HO)

(/usr/local/texlive/2015/texmf-dist/tex/generic/oberdiek/etexcmds.sty
Package: etexcmds 2011/02/16 v1.5 Avoid name clashes with e-TeX commands (HO)

(/usr/local/texlive/2015/texmf-dist/tex/generic/oberdiek/ifluatex.sty
Package: ifluatex 2010/03/01 v1.3 Provides the ifluatex switch (HO)
Package ifluatex Info: LuaTeX not detected.
)
Package etexcmds Info: Could not find \expanded.
(etexcmds)             That can mean that you are not using pdfTeX 1.50 or
(etexcmds)             that some package has redefined \expanded.
(etexcmds)             In the latter case, load this package earlier.
)))
Package morefloats Info: Maximum number of possible floats asked for: 36.
(morefloats)             LaTeX might run out of memory before this
(morefloats)             (in which case it will notify you).
(morefloats)              on input line 171.
\bx@S=\insert232
\bx@T=\insert231
\bx@U=\insert230
\bx@V=\insert229
\bx@W=\insert228
\bx@X=\insert227
\bx@Y=\insert226
\bx@Z=\insert225
\bx@AA=\insert224
\bx@AB=\insert223
\bx@AC=\insert222
\bx@AD=\insert221
\bx@AE=\insert220
\bx@AF=\insert219
\bx@AG=\insert218
\bx@AH=\insert217
\bx@AI=\insert216
\bx@AJ=\insert215
)
(/usr/local/texlive/2015/texmf-dist/tex/latex/placeins/placeins.sty
Package: placeins 2005/04/18  v 2.2
)
(/usr/local/texlive/2015/texmf-dist/tex/latex/oberdiek/pdflscape.sty
Package: pdflscape 2008/08/11 v0.10 Display of landscape pages in PDF (HO)

(/usr/local/texlive/2015/texmf-dist/tex/latex/graphics/lscape.sty
Package: lscape 2000/10/22 v3.01 Landscape Pages (DPC)
)
Package pdflscape Info: Auto-detected driver: pdftex on input line 80.
)
(/usr/local/texlive/2015/texmf-dist/tex/latex/siunitx/siunitx.sty
(/usr/local/texlive/2015/texmf-dist/tex/latex/l3kernel/expl3.sty
Package: expl3 2015/03/01 v5547 L3 programming layer (loader) 

(/usr/local/texlive/2015/texmf-dist/tex/latex/l3kernel/expl3-code.tex
Package: expl3 2015/03/01 v5547 L3 programming layer (code) 
L3 Module: l3bootstrap 2015/02/28 v5542 L3 Bootstrap code
L3 Module: l3names 2015/02/24 v5535 L3 Namespace for primitives
L3 Module: l3basics 2015/01/27 v5500 L3 Basic definitions
L3 Module: l3expan 2014/11/27 v5472 L3 Argument expansion
L3 Module: l3tl 2015/01/27 v5500 L3 Token lists
L3 Module: l3str 2015/03/01 v5545 L3 Strings
L3 Module: l3seq 2014/08/23 v5354 L3 Sequences and stacks
L3 Module: l3int 2015/02/21 v5529 L3 Integers
\c_max_int=\count127
\l_tmpa_int=\count128
\l_tmpb_int=\count129
\g_tmpa_int=\count130
\g_tmpb_int=\count131
L3 Module: l3quark 2014/08/23 v5354 L3 Quarks
L3 Module: l3prg 2014/08/23 v5354 L3 Control structures
\g__prg_map_int=\count132
L3 Module: l3clist 2014/08/23 v5354 L3 Comma separated lists
L3 Module: l3token 2014/09/15 v5422 L3 Experimental token manipulation
L3 Module: l3prop 2014/08/23 v5354 L3 Property lists
L3 Module: l3msg 2015/02/26 v5537 L3 Messages
L3 Module: l3file 2014/08/24 v5369 L3 File and I/O operations
\l_iow_line_count_int=\count133
\l__iow_target_count_int=\count134
\l__iow_current_line_int=\count135
\l__iow_current_word_int=\count136
\l__iow_current_indentation_int=\count137
L3 Module: l3skip 2014/08/23 v5354 L3 Dimensions and skips
\c_zero_dim=\dimen158
\c_max_dim=\dimen159
\l_tmpa_dim=\dimen160
\l_tmpb_dim=\dimen161
\g_tmpa_dim=\dimen162
\g_tmpb_dim=\dimen163
\c_zero_skip=\skip64
\c_max_skip=\skip65
\l_tmpa_skip=\skip66
\l_tmpb_skip=\skip67
\g_tmpa_skip=\skip68
\g_tmpb_skip=\skip69
\c_zero_muskip=\muskip11
\c_max_muskip=\muskip12
\l_tmpa_muskip=\muskip13
\l_tmpb_muskip=\muskip14
\g_tmpa_muskip=\muskip15
\g_tmpb_muskip=\muskip16
L3 Module: l3keys 2015/01/27 v5500 L3 Key-value interfaces
\g__keyval_level_int=\count138
\l_keys_choice_int=\count139
L3 Module: l3fp 2014/08/22 v5336 L3 Floating points
\c__fp_leading_shift_int=\count140
\c__fp_middle_shift_int=\count141
\c__fp_trailing_shift_int=\count142
\c__fp_big_leading_shift_int=\count143
\c__fp_big_middle_shift_int=\count144
\c__fp_big_trailing_shift_int=\count145
\c__fp_Bigg_leading_shift_int=\count146
\c__fp_Bigg_middle_shift_int=\count147
\c__fp_Bigg_trailing_shift_int=\count148
L3 Module: l3box 2014/08/23 v5354 L3 Experimental boxes
\c_empty_box=\box35
\l_tmpa_box=\box36
\l_tmpb_box=\box37
\g_tmpa_box=\box38
\g_tmpb_box=\box39
L3 Module: l3coffins 2014/08/23 v5354 L3 Coffin code layer
\l__coffin_internal_box=\box40
\l__coffin_internal_dim=\dimen164
\l__coffin_offset_x_dim=\dimen165
\l__coffin_offset_y_dim=\dimen166
\l__coffin_x_dim=\dimen167
\l__coffin_y_dim=\dimen168
\l__coffin_x_prime_dim=\dimen169
\l__coffin_y_prime_dim=\dimen170
\c_empty_coffin=\box41
\l__coffin_aligned_coffin=\box42
\l__coffin_aligned_internal_coffin=\box43
\l_tmpa_coffin=\box44
\l_tmpb_coffin=\box45
\l__coffin_display_coffin=\box46
\l__coffin_display_coord_coffin=\box47
\l__coffin_display_pole_coffin=\box48
\l__coffin_display_offset_dim=\dimen171
\l__coffin_display_x_dim=\dimen172
\l__coffin_display_y_dim=\dimen173
L3 Module: l3color 2014/08/23 v5354 L3 Experimental color support
L3 Module: l3candidates 2015/03/01 v5544 L3 Experimental additions to l3kernel
\l__box_top_dim=\dimen174
\l__box_bottom_dim=\dimen175
\l__box_left_dim=\dimen176
\l__box_right_dim=\dimen177
\l__box_top_new_dim=\dimen178
\l__box_bottom_new_dim=\dimen179
\l__box_left_new_dim=\dimen180
\l__box_right_new_dim=\dimen181
\l__box_internal_box=\box49
\l__coffin_bounding_shift_dim=\dimen182
\l__coffin_left_corner_dim=\dimen183
\l__coffin_right_corner_dim=\dimen184
\l__coffin_bottom_corner_dim=\dimen185
\l__coffin_top_corner_dim=\dimen186
\l__coffin_scaled_total_height_dim=\dimen187
\l__coffin_scaled_width_dim=\dimen188
)
(/usr/local/texlive/2015/texmf-dist/tex/latex/l3kernel/l3unicode-data.def
File: l3unicode-data.def 2015/03/01 v5544 L3 Unicode data
)
(/usr/local/texlive/2015/texmf-dist/tex/latex/l3kernel/l3pdfmode.def
File: l3pdfmode.def 2015/03/01 v5544 L3 Experimental driver: PDF mode
\l__driver_color_stack_int=\count149
))
(/usr/local/texlive/2015/texmf-dist/tex/latex/l3packages/xparse/xparse.sty
Package: xparse 2014/11/25 v5471 L3 Experimental document command parser
\l__xparse_current_arg_int=\count150
\l__xparse_m_args_int=\count151
\l__xparse_mandatory_args_int=\count152
\l__xparse_processor_int=\count153
\l__xparse_v_nesting_int=\count154
)
Package: siunitx 2015/01/21 v2.6e A comprehensive (SI) units package

(/usr/local/texlive/2015/texmf-dist/tex/latex/tools/array.sty
Package: array 2014/10/28 v2.4c Tabular extension package (FMi)
\col@sep=\dimen189
\extrarowheight=\dimen190
\NC@list=\toks29
\extratabsurround=\skip70
\backup@length=\skip71
)
(/usr/local/texlive/2015/texmf-dist/tex/latex/l3packages/l3keys2e/l3keys2e.sty
Package: l3keys2e 2014/11/25 v5471 LaTeX2e option processing using LaTeX3 keys
)
Variant \tl_if_blank:VTF already defined; not changing it on line 50
\l__siunitx_tmp_box=\box50
\l__siunitx_tmp_dim=\dimen191
\l__siunitx_tmp_int=\count155
Variant \prop_get:NVNT already defined; not changing it on line 380
Variant \prop_get:NVNF already defined; not changing it on line 381
Variant \prop_get:NVNTF already defined; not changing it on line 382
\l__siunitx_number_mantissa_length_int=\count156
\l__siunitx_number_uncert_length_int=\count157
\l__siunitx_round_int=\count158
\l__siunitx_process_decimal_int=\count159
\l__siunitx_process_uncertainty_int=\count160
\l__siunitx_process_fixed_int=\count161
\l__siunitx_process_integer_min_int=\count162
\l__siunitx_process_precision_int=\count163
\l__siunitx_group_min_int=\count164
\l__siunitx_angle_marker_box=\box51
\l__siunitx_angle_unit_box=\box52
\l__siunitx_angle_marker_dim=\dimen192
\l__siunitx_angle_unit_dim=\dimen193
\l__siunitx_unit_int=\count165
\l__siunitx_unit_denominator_int=\count166
\l__siunitx_unit_numerator_int=\count167
\l__siunitx_unit_prefix_int=\count168
\l__siunitx_unit_prefix_base_int=\count169
\l__siunitx_unit_prefix_gram_int=\count170
\l__siunitx_number_product_int=\count171
\c__siunitx_one_fill_skip=\skip72
\l__siunitx_table_unit_align_skip=\skip73
\l__siunitx_table_exponent_dim=\dimen194
\l__siunitx_table_integer_dim=\dimen195
\l__siunitx_table_mantissa_dim=\dimen196
\l__siunitx_table_marker_dim=\dimen197
\l__siunitx_table_result_dim=\dimen198
\l__siunitx_table_uncert_dim=\dimen199
\l__siunitx_table_fill_pre_dim=\dimen200
\l__siunitx_table_fill_post_dim=\dimen201
\l__siunitx_table_fill_mid_dim=\dimen202
\l__siunitx_table_pre_box=\box53
\l__siunitx_table_post_box=\box54
\l__siunitx_table_mantissa_box=\box55
\l__siunitx_table_result_box=\box56
\l__siunitx_table_number_align_skip=\skip74
\l__siunitx_table_text_align_skip=\skip75
.................................................
. LaTeX info: "xparse/define-command"
. 
. Defining command \DeclareBinaryPrefix with sig. 'mmm' on line 7176.
.................................................
.................................................
. LaTeX info: "xparse/define-command"
. 
. Defining command \DeclareSIPostPower with sig. 'mm' on line 7179.
.................................................
.................................................
. LaTeX info: "xparse/define-command"
. 
. Defining command \DeclareSIPrefix with sig. 'mmm' on line 7182.
.................................................
.................................................
. LaTeX info: "xparse/define-command"
. 
. Defining command \DeclareSIPrePower with sig. 'mm' on line 7185.
.................................................
.................................................
. LaTeX info: "xparse/define-command"
. 
. Defining command \DeclareSIQualifier with sig. 'mm' on line 7188.
.................................................
.................................................
. LaTeX info: "xparse/define-command"
. 
. Defining command \DeclareSIUnit with sig. 'O{}mm' on line 7191.
.................................................
.................................................
. LaTeX info: "xparse/define-command"
. 
. Defining command \DeclareSIUnitWithOptions with sig. 'mmm' on line 7194.
.................................................
.................................................
. LaTeX info: "xparse/define-command"
. 
. Defining command \ang with sig. 'o>{\SplitArgument {2}{;}}m' on line 7209.
.................................................
.................................................
. LaTeX info: "xparse/define-command"
. 
. Defining command \num with sig. 'om' on line 7217.
.................................................
.................................................
. LaTeX info: "xparse/define-command"
. 
. Defining command \numlist with sig. 'o>{\SplitList {;}}m' on line 7225.
.................................................
.................................................
. LaTeX info: "xparse/define-command"
. 
. Defining command \numrange with sig. 'omm' on line 7233.
.................................................
.................................................
. LaTeX info: "xparse/define-command"
. 
. Defining command \SIlist with sig. 'o>{\SplitList {;}}mm' on line 7244.
.................................................
.................................................
. LaTeX info: "xparse/define-command"
. 
. Defining command \SIrange with sig. 'ommm' on line 7255.
.................................................
.................................................
. LaTeX info: "xparse/define-command"
. 
. Defining command \SI with sig. 'omom' on line 7266.
.................................................
.................................................
. LaTeX info: "xparse/define-command"
. 
. Defining command \sisetup with sig. 'm' on line 7269.
.................................................
.................................................
. LaTeX info: "xparse/define-command"
. 
. Defining command \tablenum with sig. 'om' on line 7281.
.................................................
.................................................
. LaTeX info: "xparse/define-command"
. 
. Defining command \si with sig. 'om' on line 7292.
.................................................
.................................................
. LaTeX info: "xparse/define-command"
. 
. Defining command \__siunitx_bookmark_num:w with sig. 'om' on line 7339.
.................................................
.................................................
. LaTeX info: "xparse/define-command"
. 
. Defining command \__siunitx_bookmark_numrange:w with sig. 'omm' on line
. 7341.
.................................................
.................................................
. LaTeX info: "xparse/define-command"
. 
. Defining command \__siunitx_bookmark_SI:w with sig. 'omom' on line 7343.
.................................................
.................................................
. LaTeX info: "xparse/define-command"
. 
. Defining command \__siunitx_bookmark_SIlist:w with sig. 'omm' on line 7345.
.................................................
.................................................
. LaTeX info: "xparse/define-command"
. 
. Defining command \__siunitx_bookmark_SIrange:w with sig. 'ommm' on line
. 7347.
.................................................
.................................................
. LaTeX info: "xparse/define-command"
. 
. Defining command \__siunitx_bookmark_si:w with sig. 'om' on line 7348.
.................................................
\g__file_internal_ior=\read1
(/usr/local/texlive/2015/texmf-dist/tex/latex/beamer/translator/translator.sty
Package: translator 2010/06/12 ver 1.10

(/usr/local/texlive/2015/texmf-dist/tex/latex/beamer/translator/translator-lang
uage-mappings.tex)))
(/usr/local/texlive/2015/texmf-dist/tex/latex/oberdiek/grffile.sty
Package: grffile 2012/04/05 v1.16 Extended file name support for graphics (HO)

(/usr/local/texlive/2015/texmf-dist/tex/generic/oberdiek/pdftexcmds.sty
Package: pdftexcmds 2011/11/29 v0.20 Utility functions of pdfTeX for LuaTeX (HO
)
Package pdftexcmds Info: LuaTeX not detected.
Package pdftexcmds Info: \pdf@primitive is available.
Package pdftexcmds Info: \pdf@ifprimitive is available.
Package pdftexcmds Info: \pdfdraftmode found.
)
Package grffile Info: Option `multidot' is set to `true'.
Package grffile Info: Option `extendedchars' is set to `false'.
Package grffile Info: Option `space' is set to `true'.
Package grffile Info: \Gin@ii of package `graphicx' fixed on input line 486.
)
(/usr/local/texlive/2015/texmf-dist/tex/latex/soul/soul.sty
Package: soul 2003/11/17 v2.4 letterspacing/underlining (mf)
\SOUL@word=\toks30
\SOUL@lasttoken=\toks31
\SOUL@cmds=\toks32
\SOUL@buffer=\toks33
\SOUL@token=\toks34
\SOUL@spaceskip=\skip76
\SOUL@ttwidth=\dimen203
\SOUL@uldp=\dimen204
\SOUL@ulht=\dimen205
)
(/usr/local/texlive/2015/texmf-dist/tex/latex/graphics/color.sty
Package: color 2014/10/28 v1.1a Standard LaTeX Color (DPC)

(/usr/local/texlive/2015/texmf-dist/tex/latex/latexconfig/color.cfg
File: color.cfg 2007/01/18 v1.5 color configuration of teTeX/TeXLive
)
Package color Info: Driver file: pdftex.def on input line 142.
)
(/usr/local/texlive/2015/texmf-dist/tex/latex/psnfss/mathptmx.sty
Package: mathptmx 2005/04/12 PSNFSS-v9.2a Times w/ Math, improved (SPQR, WaS) 
LaTeX Font Info:    Redeclaring symbol font `operators' on input line 28.
LaTeX Font Info:    Overwriting symbol font `operators' in version `normal'
(Font)                  OT1/cmr/m/n --> OT1/ztmcm/m/n on input line 28.
LaTeX Font Info:    Overwriting symbol font `operators' in version `bold'
(Font)                  OT1/cmr/bx/n --> OT1/ztmcm/m/n on input line 28.
LaTeX Font Info:    Redeclaring symbol font `letters' on input line 29.
LaTeX Font Info:    Overwriting symbol font `letters' in version `normal'
(Font)                  OML/cmm/m/it --> OML/ztmcm/m/it on input line 29.
LaTeX Font Info:    Overwriting symbol font `letters' in version `bold'
(Font)                  OML/cmm/b/it --> OML/ztmcm/m/it on input line 29.
LaTeX Font Info:    Redeclaring symbol font `symbols' on input line 30.
LaTeX Font Info:    Overwriting symbol font `symbols' in version `normal'
(Font)                  OMS/cmsy/m/n --> OMS/ztmcm/m/n on input line 30.
LaTeX Font Info:    Overwriting symbol font `symbols' in version `bold'
(Font)                  OMS/cmsy/b/n --> OMS/ztmcm/m/n on input line 30.
LaTeX Font Info:    Redeclaring symbol font `largesymbols' on input line 31.
LaTeX Font Info:    Overwriting symbol font `largesymbols' in version `normal'
(Font)                  OMX/cmex/m/n --> OMX/ztmcm/m/n on input line 31.
LaTeX Font Info:    Overwriting symbol font `largesymbols' in version `bold'
(Font)                  OMX/cmex/m/n --> OMX/ztmcm/m/n on input line 31.
\symbold=\mathgroup10
\symitalic=\mathgroup11
LaTeX Font Info:    Redeclaring math alphabet \mathbf on input line 34.
LaTeX Font Info:    Redeclaring math alphabet \mathit on input line 35.
LaTeX Font Info:    Overwriting math alphabet `\mathit' in version `normal'
(Font)                  OT1/cmr/m/it --> OT1/ptm/m/it on input line 35.
LaTeX Font Info:    Overwriting math alphabet `\mathit' in version `bold'
(Font)                  OT1/cmr/bx/it --> OT1/ptm/m/it on input line 35.
LaTeX Info: Redefining \hbar on input line 50.
)
(/usr/local/texlive/2015/texmf-dist/tex/latex/hanging/hanging.sty
Package: hanging 2009/09/02 v1.2b hanging paragraphs and punctuation
\h@ngcommawd=\skip77
\h@ngfstopwd=\skip78
\h@ngquotewd=\skip79
\h@ngdquotewd=\skip80
\h@ngquerywd=\skip81
\h@ngexclwd=\skip82
\h@ngcolonwd=\skip83
\h@ngscolonwd=\skip84
)
(/usr/local/texlive/2015/texmf-dist/tex/latex/hyperref/hyperref.sty
Package: hyperref 2012/11/06 v6.83m Hypertext links for LaTeX

(/usr/local/texlive/2015/texmf-dist/tex/generic/oberdiek/hobsub-hyperref.sty
Package: hobsub-hyperref 2012/05/28 v1.13 Bundle oberdiek, subset hyperref (HO)


(/usr/local/texlive/2015/texmf-dist/tex/generic/oberdiek/hobsub-generic.sty
Package: hobsub-generic 2012/05/28 v1.13 Bundle oberdiek, subset generic (HO)
Package: hobsub 2012/05/28 v1.13 Construct package bundles (HO)
Package hobsub Info: Skipping package `infwarerr' (already loaded).
Package hobsub Info: Skipping package `ltxcmds' (already loaded).
Package hobsub Info: Skipping package `ifluatex' (already loaded).
Package hobsub Info: Skipping package `ifvtex' (already loaded).
Package: intcalc 2007/09/27 v1.1 Expandable calculations with integers (HO)
Package hobsub Info: Skipping package `ifpdf' (already loaded).
Package hobsub Info: Skipping package `etexcmds' (already loaded).
Package hobsub Info: Skipping package `kvsetkeys' (already loaded).
Package: kvdefinekeys 2011/04/07 v1.3 Define keys (HO)
Package hobsub Info: Skipping package `pdftexcmds' (already loaded).
Package: pdfescape 2011/11/25 v1.13 Implements pdfTeX's escape features (HO)
Package: bigintcalc 2012/04/08 v1.3 Expandable calculations on big integers (HO
)
Package: bitset 2011/01/30 v1.1 Handle bit-vector datatype (HO)
Package: uniquecounter 2011/01/30 v1.2 Provide unlimited unique counter (HO)
)
Package hobsub Info: Skipping package `hobsub' (already loaded).
Package: letltxmacro 2010/09/02 v1.4 Let assignment for LaTeX macros (HO)
Package: hopatch 2012/05/28 v1.2 Wrapper for package hooks (HO)
Package: xcolor-patch 2011/01/30 xcolor patch
Package: atveryend 2011/06/30 v1.8 Hooks at the very end of document (HO)
Package atveryend Info: \enddocument detected (standard20110627).
Package: atbegshi 2011/10/05 v1.16 At begin shipout hook (HO)
Package: refcount 2011/10/16 v3.4 Data extraction from label references (HO)
Package: hycolor 2011/01/30 v1.7 Color options for hyperref/bookmark (HO)
)
(/usr/local/texlive/2015/texmf-dist/tex/latex/oberdiek/auxhook.sty
Package: auxhook 2011/03/04 v1.3 Hooks for auxiliary files (HO)
)
\@linkdim=\dimen206
\Hy@linkcounter=\count172
\Hy@pagecounter=\count173

(/usr/local/texlive/2015/texmf-dist/tex/latex/hyperref/pd1enc.def
File: pd1enc.def 2012/11/06 v6.83m Hyperref: PDFDocEncoding definition (HO)
Now handling font encoding PD1 ...
... no UTF-8 mapping file for font encoding PD1
)
\Hy@SavedSpaceFactor=\count174

(/usr/local/texlive/2015/texmf-dist/tex/latex/latexconfig/hyperref.cfg
File: hyperref.cfg 2002/06/06 v1.2 hyperref configuration of TeXLive
)
Package hyperref Info: Option `colorlinks' set `true' on input line 4319.
Package hyperref Info: Option `hyperfootnotes' set `false' on input line 4319.
Package hyperref Info: Hyper figures OFF on input line 4443.
Package hyperref Info: Link nesting OFF on input line 4448.
Package hyperref Info: Hyper index ON on input line 4451.
Package hyperref Info: Plain pages OFF on input line 4458.
Package hyperref Info: Backreferencing OFF on input line 4463.
Package hyperref Info: Implicit mode ON; LaTeX internals redefined.
Package hyperref Info: Bookmarks ON on input line 4688.
\c@Hy@tempcnt=\count175

(/usr/local/texlive/2015/texmf-dist/tex/latex/url/url.sty
\Urlmuskip=\muskip17
Package: url 2013/09/16  ver 3.4  Verb mode for urls, etc.
)
LaTeX Info: Redefining \url on input line 5041.
\XeTeXLinkMargin=\dimen207
\Fld@menulength=\count176
\Field@Width=\dimen208
\Fld@charsize=\dimen209
Package hyperref Info: Hyper figures OFF on input line 6295.
Package hyperref Info: Link nesting OFF on input line 6300.
Package hyperref Info: Hyper index ON on input line 6303.
Package hyperref Info: backreferencing OFF on input line 6310.
Package hyperref Info: Link coloring ON on input line 6313.
Package hyperref Info: Link coloring with OCG OFF on input line 6320.
Package hyperref Info: PDF/A mode OFF on input line 6325.
LaTeX Info: Redefining \ref on input line 6365.
LaTeX Info: Redefining \pageref on input line 6369.
\Hy@abspage=\count177
\c@Item=\count178
)

Package hyperref Message: Driver (autodetected): hpdftex.

(/usr/local/texlive/2015/texmf-dist/tex/latex/hyperref/hpdftex.def
File: hpdftex.def 2012/11/06 v6.83m Hyperref driver for pdfTeX
\Fld@listcount=\count179
\c@bookmark@seq@number=\count180

(/usr/local/texlive/2015/texmf-dist/tex/latex/oberdiek/rerunfilecheck.sty
Package: rerunfilecheck 2011/04/15 v1.7 Rerun checks for auxiliary files (HO)
Package uniquecounter Info: New unique counter `rerunfilecheck' on input line 2
82.
)
\Hy@SectionHShift=\skip85
))
\@input{latex_extras/custom_commands.aux}
\openout2 = `latex_extras/custom_commands.aux'.

(./latex_extras/custom_commands.tex
\c@theorem=\count181
\hfoot=\skip86
\vfoot=\skip87
)
\@input{latex_extras/dynamic_tables.aux}
\openout2 = `latex_extras/dynamic_tables.aux'.

(./latex_extras/dynamic_tables.tex
   defining Unicode char U+00A0 (decimal 160)
) (./tables_and_figures.aux

LaTeX Warning: Label `tab:state_level_deaths' multiply defined.

)
\openout1 = `tables_and_figures.aux'.

LaTeX Font Info:    Checking defaults for OML/cmm/m/it on input line 22.
LaTeX Font Info:    ... okay on input line 22.
LaTeX Font Info:    Checking defaults for T1/cmr/m/n on input line 22.
LaTeX Font Info:    ... okay on input line 22.
LaTeX Font Info:    Checking defaults for OT1/cmr/m/n on input line 22.
LaTeX Font Info:    ... okay on input line 22.
LaTeX Font Info:    Checking defaults for OMS/cmsy/m/n on input line 22.
LaTeX Font Info:    ... okay on input line 22.
LaTeX Font Info:    Checking defaults for OMX/cmex/m/n on input line 22.
LaTeX Font Info:    ... okay on input line 22.
LaTeX Font Info:    Checking defaults for U/cmr/m/n on input line 22.
LaTeX Font Info:    ... okay on input line 22.
LaTeX Font Info:    Checking defaults for PD1/pdf/m/n on input line 22.
LaTeX Font Info:    ... okay on input line 22.
LaTeX Font Info:    Try loading font information for OT1+ptm on input line 22.
 (/usr/local/texlive/2015/texmf-dist/tex/latex/psnfss/ot1ptm.fd
File: ot1ptm.fd 2001/06/04 font definitions for OT1/ptm.
)
(/usr/local/texlive/2015/texmf-dist/tex/context/base/supp-pdf.mkii
[Loading MPS to PDF converter (version 2006.09.02).]
\scratchcounter=\count182
\scratchdimen=\dimen210
\scratchbox=\box57
\nofMPsegments=\count183
\nofMParguments=\count184
\everyMPshowfont=\toks35
\MPscratchCnt=\count185
\MPscratchDim=\dimen211
\MPnumerator=\count186
\makeMPintoPDFobject=\count187
\everyMPtoPDFconversion=\toks36
) (/usr/local/texlive/2015/texmf-dist/tex/latex/oberdiek/epstopdf-base.sty
Package: epstopdf-base 2010/02/09 v2.5 Base part for package epstopdf

(/usr/local/texlive/2015/texmf-dist/tex/latex/oberdiek/grfext.sty
Package: grfext 2010/08/19 v1.1 Manage graphics extensions (HO)
)
Package grfext Info: Graphics extension search list:
(grfext)             [.png,.pdf,.jpg,.mps,.jpeg,.jbig2,.jb2,.PNG,.PDF,.JPG,.JPE
G,.JBIG2,.JB2,.eps]
(grfext)             \AppendGraphicsExtensions on input line 452.

(/usr/local/texlive/2015/texmf-dist/tex/latex/latexconfig/epstopdf-sys.cfg
File: epstopdf-sys.cfg 2010/07/13 v1.3 Configuration of (r)epstopdf for TeX Liv
e
))
Package caption Info: Begin \AtBeginDocument code.
Package caption Info: floatrow package is loaded.
Package caption Info: float package is loaded.
Package caption Info: floatrow package is loaded.
Package caption Info: hyperref package is loaded.
Package caption Info: End \AtBeginDocument code.

*geometry* driver: auto-detecting
*geometry* detected driver: pdftex
*geometry* verbose mode - [ preamble ] result:
* driver: pdftex
* paper: custom
* layout: <same size as paper>
* layoutoffset:(h,v)=(0.0pt,0.0pt)
* modes: 
* h-part:(L,W,R)=(72.26999pt, 469.75502pt, 72.26999pt)
* v-part:(T,H,B)=(72.26999pt, 650.43001pt, 72.26999pt)
* \paperwidth=614.295pt
* \paperheight=794.96999pt
* \textwidth=469.75502pt
* \textheight=650.43001pt
* \oddsidemargin=0.0pt
* \evensidemargin=0.0pt
* \topmargin=-37.0pt
* \headheight=12.0pt
* \headsep=25.0pt
* \topskip=12.0pt
* \footskip=30.0pt
* \marginparwidth=44.0pt
* \marginparsep=10.0pt
* \columnsep=10.0pt
* \skip\footins=10.8pt plus 4.0pt minus 2.0pt
* \hoffset=0.0pt
* \voffset=0.0pt
* \mag=1000
* \@twocolumnfalse
* \@twosidefalse
* \@mparswitchfalse
* \@reversemarginfalse
* (1in=72.27pt=25.4mm, 1cm=28.453pt)

Now handling font encoding TS1 ...
... processing UTF-8 mapping file for font encoding TS1
(/usr/local/texlive/2015/texmf-dist/tex/latex/base/ts1enc.dfu
File: ts1enc.dfu 2014/09/29 v1.1m UTF-8 support for inputenc
   defining Unicode char U+00A2 (decimal 162)
   defining Unicode char U+00A3 (decimal 163)
   defining Unicode char U+00A4 (decimal 164)
   defining Unicode char U+00A5 (decimal 165)
   defining Unicode char U+00A6 (decimal 166)
   defining Unicode char U+00A7 (decimal 167)
   defining Unicode char U+00A8 (decimal 168)
   defining Unicode char U+00A9 (decimal 169)
   defining Unicode char U+00AA (decimal 170)
   defining Unicode char U+00AC (decimal 172)
   defining Unicode char U+00AE (decimal 174)
   defining Unicode char U+00AF (decimal 175)
   defining Unicode char U+00B0 (decimal 176)
   defining Unicode char U+00B1 (decimal 177)
   defining Unicode char U+00B2 (decimal 178)
   defining Unicode char U+00B3 (decimal 179)
   defining Unicode char U+00B4 (decimal 180)
   defining Unicode char U+00B5 (decimal 181)
   defining Unicode char U+00B6 (decimal 182)
   defining Unicode char U+00B7 (decimal 183)
   defining Unicode char U+00B9 (decimal 185)
   defining Unicode char U+00BA (decimal 186)
   defining Unicode char U+00BC (decimal 188)
   defining Unicode char U+00BD (decimal 189)
   defining Unicode char U+00BE (decimal 190)
   defining Unicode char U+00D7 (decimal 215)
   defining Unicode char U+00F7 (decimal 247)
   defining Unicode char U+0192 (decimal 402)
   defining Unicode char U+02C7 (decimal 711)
   defining Unicode char U+02D8 (decimal 728)
   defining Unicode char U+02DD (decimal 733)
   defining Unicode char U+0E3F (decimal 3647)
   defining Unicode char U+2016 (decimal 8214)
   defining Unicode char U+2020 (decimal 8224)
   defining Unicode char U+2021 (decimal 8225)
   defining Unicode char U+2022 (decimal 8226)
   defining Unicode char U+2030 (decimal 8240)
   defining Unicode char U+2031 (decimal 8241)
   defining Unicode char U+203B (decimal 8251)
   defining Unicode char U+203D (decimal 8253)
   defining Unicode char U+2044 (decimal 8260)
   defining Unicode char U+204E (decimal 8270)
   defining Unicode char U+2052 (decimal 8274)
   defining Unicode char U+20A1 (decimal 8353)
   defining Unicode char U+20A4 (decimal 8356)
   defining Unicode char U+20A6 (decimal 8358)
   defining Unicode char U+20A9 (decimal 8361)
   defining Unicode char U+20AB (decimal 8363)
   defining Unicode char U+20AC (decimal 8364)
   defining Unicode char U+20B1 (decimal 8369)
   defining Unicode char U+2103 (decimal 8451)
   defining Unicode char U+2116 (decimal 8470)
   defining Unicode char U+2117 (decimal 8471)
   defining Unicode char U+211E (decimal 8478)
   defining Unicode char U+2120 (decimal 8480)
   defining Unicode char U+2122 (decimal 8482)
   defining Unicode char U+2126 (decimal 8486)
   defining Unicode char U+2127 (decimal 8487)
   defining Unicode char U+212E (decimal 8494)
   defining Unicode char U+2190 (decimal 8592)
   defining Unicode char U+2191 (decimal 8593)
   defining Unicode char U+2192 (decimal 8594)
   defining Unicode char U+2193 (decimal 8595)
   defining Unicode char U+2329 (decimal 9001)
   defining Unicode char U+232A (decimal 9002)
   defining Unicode char U+2422 (decimal 9250)
   defining Unicode char U+25E6 (decimal 9702)
   defining Unicode char U+25EF (decimal 9711)
   defining Unicode char U+266A (decimal 9834)
)
(/usr/local/texlive/2015/texmf-dist/tex/latex/beamer/translator/dicts/translato
r-basic-dictionary/translator-basic-dictionary-English.dict
Dictionary: translator-basic-dictionary, Language: English 
)
(/usr/local/texlive/2015/texmf-dist/tex/latex/siunitx/siunitx-abbreviations.cfg
File: siunitx-abbreviations.cfg 2015/01/21 v2.6e siunitx: Abbreviated units
)
\AtBeginShipoutBox=\box58
Package hyperref Info: Link coloring ON on input line 22.
 (/usr/local/texlive/2015/texmf-dist/tex/latex/hyperref/nameref.sty
Package: nameref 2012/10/27 v2.43 Cross-referencing by name of section

(/usr/local/texlive/2015/texmf-dist/tex/generic/oberdiek/gettitlestring.sty
Package: gettitlestring 2010/12/03 v1.4 Cleanup title references (HO)
)
\c@section@level=\count188
)
LaTeX Info: Redefining \ref on input line 22.
LaTeX Info: Redefining \pageref on input line 22.
LaTeX Info: Redefining \nameref on input line 22.

(./tables_and_figures.out) (./tables_and_figures.out)
\@outlinefile=\write4
\openout4 = `tables_and_figures.out'.

\c__siunitx_mathsf_int=\count189
LaTeX Font Info:    Try loading font information for OT1+ztmcm on input line 22
.

(/usr/local/texlive/2015/texmf-dist/tex/latex/psnfss/ot1ztmcm.fd
File: ot1ztmcm.fd 2000/01/03 Fontinst v1.801 font definitions for OT1/ztmcm.
)
LaTeX Font Info:    Try loading font information for OML+ztmcm on input line 22
.

(/usr/local/texlive/2015/texmf-dist/tex/latex/psnfss/omlztmcm.fd
File: omlztmcm.fd 2000/01/03 Fontinst v1.801 font definitions for OML/ztmcm.
)
LaTeX Font Info:    Try loading font information for OMS+ztmcm on input line 22
.

(/usr/local/texlive/2015/texmf-dist/tex/latex/psnfss/omsztmcm.fd
File: omsztmcm.fd 2000/01/03 Fontinst v1.801 font definitions for OMS/ztmcm.
)
LaTeX Font Info:    Try loading font information for OMX+ztmcm on input line 22
.

(/usr/local/texlive/2015/texmf-dist/tex/latex/psnfss/omxztmcm.fd
File: omxztmcm.fd 2000/01/03 Fontinst v1.801 font definitions for OMX/ztmcm.
)
LaTeX Font Info:    Try loading font information for U+rsfs on input line 22.

(/usr/local/texlive/2015/texmf-dist/tex/latex/jknapltx/ursfs.fd
File: ursfs.fd 1998/03/24 rsfs font definition file (jk)
)
LaTeX Font Info:    Font shape `OT1/ptm/bx/n' in size <12> not available
(Font)              Font shape `OT1/ptm/b/n' tried instead on input line 22.
LaTeX Font Info:    Font shape `OT1/ptm/bx/n' in size <9> not available
(Font)              Font shape `OT1/ptm/b/n' tried instead on input line 22.
LaTeX Font Info:    Font shape `OT1/ptm/bx/n' in size <7> not available
(Font)              Font shape `OT1/ptm/b/n' tried instead on input line 22.
\c__siunitx_mathtt_int=\count190
 [1



\providecommand \oddpage@label [2]{}





{/usr/local/texlive/2015/texmf-var/fonts/map/pdftex/updmap/pdftex.map}]
LaTeX Font Info:    Font shape `OT1/ptm/bx/n' in size <17.28> not available
(Font)              Font shape `OT1/ptm/b/n' tried instead on input line 44.

(./tables_and_figures.toc)
\tf@toc=\write5
\openout5 = `tables_and_figures.toc'.

 (./tables_and_figures.lof)
\tf@lof=\write6
\openout6 = `tables_and_figures.lof'.

 (./tables_and_figures.lot)
\tf@lot=\write7
\openout7 = `tables_and_figures.lot'.

 [2]
<../results/figures/figure_1_death_rates_over_time.pdf, id=84, 433.62pt x 289.0
8pt>
File: ../results/figures/figure_1_death_rates_over_time.pdf Graphic file (type 
pdf)
 <use ../results/figures/figure_1_death_rates_over_time.pdf>
Package pdftex.def Info: ../results/figures/figure_1_death_rates_over_time.pdf 
used on input line 66.
(pdftex.def)             Requested size: 469.75502pt x 313.1854pt.

<../results/figures/figure_2_opioid_deaths_by_race_over_time.pdf, id=85, 433.62
pt x 289.08pt>
File: ../results/figures/figure_2_opioid_deaths_by_race_over_time.pdf Graphic f
ile (type pdf)

<use ../results/figures/figure_2_opioid_deaths_by_race_over_time.pdf>
Package pdftex.def Info: ../results/figures/figure_2_opioid_deaths_by_race_over
_time.pdf used on input line 80.
(pdftex.def)             Requested size: 469.75502pt x 313.1854pt.

<../results/figures/figure_3_drug_op_ed_rate_06_14.pdf, id=86, 433.62pt x 289.0
8pt>
File: ../results/figures/figure_3_drug_op_ed_rate_06_14.pdf Graphic file (type 
pdf)
 <use ../results/figures/figure_3_drug_op_ed_rate_06_14.pdf>
Package pdftex.def Info: ../results/figures/figure_3_drug_op_ed_rate_06_14.pdf 
used on input line 93.
(pdftex.def)             Requested size: 469.75502pt x 313.1854pt.

<../results/figures/figure_4_top_drug_ed_rate_06_14.pdf, id=87, 433.62pt x 289.
08pt>
File: ../results/figures/figure_4_top_drug_ed_rate_06_14.pdf Graphic file (type
 pdf)
 <use ../results/figures/figure_4_top_drug_ed_rate_06_14.pdf>
Package pdftex.def Info: ../results/figures/figure_4_top_drug_ed_rate_06_14.pdf
 used on input line 107.
(pdftex.def)             Requested size: 469.75502pt x 313.1854pt.


LaTeX Warning: No positions in optional float specifier.
               Default added (so using `tbp') on input line 122.


Overfull \hbox (9.17259pt too wide) in paragraph at lines 126--146
[][]
 []

[3 <../results/figures/figure_1_death_rates_over_time.pdf>]
(../results/tables/table_2_summary_statistics_weighted.tex
Overfull \hbox (6.0pt too wide) detected at line 4
 
 []


Overfull \hbox (24.0pt too wide) detected at line 4
 
 []


Overfull \hbox (18.0pt too wide) detected at line 5
 
 []


Overfull \hbox (18.0pt too wide) detected at line 5
 
 []


Overfull \hbox (18.0pt too wide) detected at line 5
 
 []


Overfull \hbox (24.0pt too wide) detected at line 5
 
 []


Overfull \hbox (12.0pt too wide) detected at line 7
 
 []


Overfull \hbox (24.0pt too wide) detected at line 7
 
 []


Overfull \hbox (12.0pt too wide) detected at line 8
 
 []


Overfull \hbox (24.0pt too wide) detected at line 8
 
 []


Overfull \hbox (6.0pt too wide) detected at line 9
 
 []


Overfull \hbox (12.0pt too wide) detected at line 9
 
 []


Overfull \hbox (24.0pt too wide) detected at line 9
 
 []


Overfull \hbox (6.0pt too wide) detected at line 11
 
 []


Overfull \hbox (24.0pt too wide) detected at line 11
 
 []


Overfull \hbox (12.0pt too wide) detected at line 12
 
 []


Overfull \hbox (24.0pt too wide) detected at line 12
 
 []


Overfull \hbox (6.0pt too wide) detected at line 13
 
 []


Overfull \hbox (12.0pt too wide) detected at line 13
 
 []


Overfull \hbox (24.0pt too wide) detected at line 13
 
 []


Overfull \hbox (6.0pt too wide) detected at line 15
 
 []


Overfull \hbox (24.0pt too wide) detected at line 15
 
 []


Overfull \hbox (18.0pt too wide) detected at line 16
 
 []


Overfull \hbox (24.0pt too wide) detected at line 16
 
 []


Overfull \hbox (18.0pt too wide) detected at line 17
 
 []


Overfull \hbox (24.0pt too wide) detected at line 17
 
 []


Overfull \hbox (6.0pt too wide) detected at line 19
 
 []


Overfull \hbox (24.0pt too wide) detected at line 19
 
 []


Overfull \hbox (18.0pt too wide) detected at line 20
 
 []


Overfull \hbox (24.0pt too wide) detected at line 20
 
 []


Overfull \hbox (18.0pt too wide) detected at line 21
 
 []


Overfull \hbox (24.0pt too wide) detected at line 21
 
 []


Overfull \hbox (6.0pt too wide) detected at line 23
 
 []


Overfull \hbox (18.0pt too wide) detected at line 23
 
 []


Overfull \hbox (18.0pt too wide) detected at line 24
 
 []


Overfull \hbox (18.0pt too wide) detected at line 24
 
 []


Overfull \hbox (18.0pt too wide) detected at line 24
 
 []


Overfull \hbox (18.0pt too wide) detected at line 24
 
 []


Overfull \hbox (6.0pt too wide) detected at line 26
 
 []


Overfull \hbox (18.0pt too wide) detected at line 26
 
 []


Overfull \hbox (6.0pt too wide) detected at line 27
 
 []


Overfull \hbox (12.0pt too wide) detected at line 27
 
 []


Overfull \hbox (18.0pt too wide) detected at line 27
 
 []


Overfull \hbox (6.0pt too wide) detected at line 28
 
 []


Overfull \hbox (6.0pt too wide) detected at line 28
 
 []


Overfull \hbox (12.0pt too wide) detected at line 28
 
 []


Overfull \hbox (18.0pt too wide) detected at line 28
 
 []


Overfull \hbox (6.0pt too wide) detected at line 30
 
 []


Overfull \hbox (18.0pt too wide) detected at line 30
 
 []


Overfull \hbox (6.0pt too wide) detected at line 31
 
 []


Overfull \hbox (6.0pt too wide) detected at line 31
 
 []


Overfull \hbox (12.0pt too wide) detected at line 31
 
 []


Overfull \hbox (18.0pt too wide) detected at line 31
 
 []


Overfull \hbox (12.0pt too wide) detected at line 32
 
 []


Overfull \hbox (6.0pt too wide) detected at line 32
 
 []


Overfull \hbox (12.0pt too wide) detected at line 32
 
 []


Overfull \hbox (18.0pt too wide) detected at line 32
 
 []


Overfull \hbox (18.0pt too wide) detected at line 34
 
 []


Overfull \hbox (12.0pt too wide) detected at line 35
 
 []


Overfull \hbox (18.0pt too wide) detected at line 35
 
 []


Overfull \hbox (6.0pt too wide) detected at line 36
 
 []


Overfull \hbox (6.0pt too wide) detected at line 36
 
 []


Overfull \hbox (18.0pt too wide) detected at line 36
 
 []


Overfull \hbox (18.0pt too wide) detected at line 36
 
 []

) (../results/tables/table_3_all_county_combined_robust_se.tex)
LaTeX Font Info:    Font shape `OT1/ptm/bx/n' in size <10.95> not available
(Font)              Font shape `OT1/ptm/b/n' tried instead on input line 180.
LaTeX Font Info:    Font shape `OT1/ptm/bx/n' in size <8> not available
(Font)              Font shape `OT1/ptm/b/n' tried instead on input line 180.
LaTeX Font Info:    Font shape `OT1/ptm/bx/n' in size <6> not available
(Font)              Font shape `OT1/ptm/b/n' tried instead on input line 180.

(../results/tables/table_4_county_by_race.tex)
(../results/tables/table_5_state_deaths_by_type.tex) [4 <../results/figures/fig
ure_2_opioid_deaths_by_race_over_time.pdf>] [5 <../results/figures/figure_3_dru
g_op_ed_rate_06_14.pdf>] [6 <../results/figures/figure_4_top_drug_ed_rate_06_14
.pdf>] [7] [8] [9] [10] [11]
<../results/appendix/figures/aopioidr_drop_years.pdf, id=174, 433.62pt x 289.08
pt>
File: ../results/appendix/figures/aopioidr_drop_years.pdf Graphic file (type pd
f)
 <use ../results/appendix/figures/aopioidr_drop_years.pdf>
Package pdftex.def Info: ../results/appendix/figures/aopioidr_drop_years.pdf us
ed on input line 249.
(pdftex.def)             Requested size: 225.4804pt x 150.32245pt.

<../results/appendix/figures/drugr_drop_years.pdf, id=175, 433.62pt x 289.08pt>
File: ../results/appendix/figures/drugr_drop_years.pdf Graphic file (type pdf)
<use ../results/appendix/figures/drugr_drop_years.pdf>
Package pdftex.def Info: ../results/appendix/figures/drugr_drop_years.pdf used 
on input line 250.
(pdftex.def)             Requested size: 225.4804pt x 150.32245pt.

<../results/appendix/figures/r_op_ovr_total_drop_years.pdf, id=176, 433.62pt x 
289.08pt>
File: ../results/appendix/figures/r_op_ovr_total_drop_years.pdf Graphic file (t
ype pdf)
 <use ../results/appendix/figures/r_op_ovr_total_drop_years.pdf>
Package pdftex.def Info: ../results/appendix/figures/r_op_ovr_total_drop_years.
pdf used on input line 256.
(pdftex.def)             Requested size: 225.4804pt x 150.32245pt.

<../results/appendix/figures/r_drug_ovr_total_drop_years.pdf, id=177, 433.62pt 
x 289.08pt>
File: ../results/appendix/figures/r_drug_ovr_total_drop_years.pdf Graphic file 
(type pdf)
 <use ../results/appendix/figures/r_drug_ovr_total_drop_years.pdf>
Package pdftex.def Info: ../results/appendix/figures/r_drug_ovr_total_drop_year
s.pdf used on input line 257.
(pdftex.def)             Requested size: 225.4804pt x 150.32245pt.


Package caption Warning: \captionsetup{subtype*=...} or \subcaptionof
(caption)                outside box or environment on input line 259.
See the caption package documentation for explanation.


Package caption Warning: \subcaption
(caption)                outside box or environment on input line 259.
See the caption package documentation for explanation.

[12

 <../results/appendix/figures/aopioidr_drop_years.pdf> <../results/appendix/fig
ures/drugr_drop_years.pdf> <../results/appendix/figures/r_op_ovr_total_drop_yea
rs.pdf> <../results/appendix/figures/r_drug_ovr_total_drop_years.pdf>]
<../results/appendix/figures/opioid_by_pop_den_quintile.pdf, id=222, 433.62pt x
 289.08pt>
File: ../results/appendix/figures/opioid_by_pop_den_quintile.pdf Graphic file (
type pdf)
 <use ../results/appendix/figures/opioid_by_pop_den_quintile.pdf>
Package pdftex.def Info: ../results/appendix/figures/opioid_by_pop_den_quintile
.pdf used on input line 274.
(pdftex.def)             Requested size: 225.4804pt x 150.32245pt.

<../results/appendix/figures/drug_by_pop_den_quintile.pdf, id=223, 433.62pt x 2
89.08pt>
File: ../results/appendix/figures/drug_by_pop_den_quintile.pdf Graphic file (ty
pe pdf)
 <use ../results/appendix/figures/drug_by_pop_den_quintile.pdf>
Package pdftex.def Info: ../results/appendix/figures/drug_by_pop_den_quintile.p
df used on input line 275.
(pdftex.def)             Requested size: 225.4804pt x 150.32245pt.

<../results/appendix/figures/op_ovr_by_pop_den_quintile.pdf, id=224, 433.62pt x
 289.08pt>
File: ../results/appendix/figures/op_ovr_by_pop_den_quintile.pdf Graphic file (
type pdf)
 <use ../results/appendix/figures/op_ovr_by_pop_den_quintile.pdf>
Package pdftex.def Info: ../results/appendix/figures/op_ovr_by_pop_den_quintile
.pdf used on input line 281.
(pdftex.def)             Requested size: 225.4804pt x 150.32245pt.

<../results/appendix/figures/drug_ovr_by_pop_den_quintile.pdf, id=225, 433.62pt
 x 289.08pt>
File: ../results/appendix/figures/drug_ovr_by_pop_den_quintile.pdf Graphic file
 (type pdf)

<use ../results/appendix/figures/drug_ovr_by_pop_den_quintile.pdf>
Package pdftex.def Info: ../results/appendix/figures/drug_ovr_by_pop_den_quinti
le.pdf used on input line 282.
(pdftex.def)             Requested size: 225.4804pt x 150.32245pt.


Package caption Warning: \captionsetup{subtype*=...} or \subcaptionof
(caption)                outside box or environment on input line 285.
See the caption package documentation for explanation.


Package caption Warning: \subcaption
(caption)                outside box or environment on input line 285.
See the caption package documentation for explanation.

[13 <../results/appendix/figures/opioid_by_pop_den_quintile.pdf> <../results/ap
pendix/figures/drug_by_pop_den_quintile.pdf> <../results/appendix/figures/op_ov
r_by_pop_den_quintile.pdf> <../results/appendix/figures/drug_ovr_by_pop_den_qui
ntile.pdf>]
<../results/appendix/figures/opioid_by_hs_quintile.pdf, id=271, 433.62pt x 289.
08pt>
File: ../results/appendix/figures/opioid_by_hs_quintile.pdf Graphic file (type 
pdf)
 <use ../results/appendix/figures/opioid_by_hs_quintile.pdf>
Package pdftex.def Info: ../results/appendix/figures/opioid_by_hs_quintile.pdf 
used on input line 297.
(pdftex.def)             Requested size: 225.4804pt x 150.32245pt.

<../results/appendix/figures/drug_by_hs_quintile.pdf, id=272, 433.62pt x 289.08
pt>
File: ../results/appendix/figures/drug_by_hs_quintile.pdf Graphic file (type pd
f)
 <use ../results/appendix/figures/drug_by_hs_quintile.pdf>
Package pdftex.def Info: ../results/appendix/figures/drug_by_hs_quintile.pdf us
ed on input line 298.
(pdftex.def)             Requested size: 225.4804pt x 150.32245pt.

<../results/appendix/figures/op_ovr_by_hs_quintile.pdf, id=273, 433.62pt x 289.
08pt>
File: ../results/appendix/figures/op_ovr_by_hs_quintile.pdf Graphic file (type 
pdf)
 <use ../results/appendix/figures/op_ovr_by_hs_quintile.pdf>
Package pdftex.def Info: ../results/appendix/figures/op_ovr_by_hs_quintile.pdf 
used on input line 304.
(pdftex.def)             Requested size: 225.4804pt x 150.32245pt.

<../results/appendix/figures/drug_ovr_by_hs_quintile.pdf, id=274, 433.62pt x 28
9.08pt>
File: ../results/appendix/figures/drug_ovr_by_hs_quintile.pdf Graphic file (typ
e pdf)
 <use ../results/appendix/figures/drug_ovr_by_hs_quintile.pdf>
Package pdftex.def Info: ../results/appendix/figures/drug_ovr_by_hs_quintile.pd
f used on input line 305.
(pdftex.def)             Requested size: 225.4804pt x 150.32245pt.


Package caption Warning: \captionsetup{subtype*=...} or \subcaptionof
(caption)                outside box or environment on input line 309.
See the caption package documentation for explanation.


Package caption Warning: \subcaption
(caption)                outside box or environment on input line 309.
See the caption package documentation for explanation.

[14 <../results/appendix/figures/opioid_by_hs_quintile.pdf> <../results/appendi
x/figures/drug_by_hs_quintile.pdf> <../results/appendix/figures/op_ovr_by_hs_qu
intile.pdf> <../results/appendix/figures/drug_ovr_by_hs_quintile.pdf>]
<../results/appendix/figures/opioid_by_pnw_quintile.pdf, id=320, 433.62pt x 289
.08pt>
File: ../results/appendix/figures/opioid_by_pnw_quintile.pdf Graphic file (type
 pdf)
 <use ../results/appendix/figures/opioid_by_pnw_quintile.pdf>
Package pdftex.def Info: ../results/appendix/figures/opioid_by_pnw_quintile.pdf
 used on input line 321.
(pdftex.def)             Requested size: 225.4804pt x 150.32245pt.

<../results/appendix/figures/drug_by_pnw_quintile.pdf, id=321, 433.62pt x 289.0
8pt>
File: ../results/appendix/figures/drug_by_pnw_quintile.pdf Graphic file (type p
df)
 <use ../results/appendix/figures/drug_by_pnw_quintile.pdf>
Package pdftex.def Info: ../results/appendix/figures/drug_by_pnw_quintile.pdf u
sed on input line 322.
(pdftex.def)             Requested size: 225.4804pt x 150.32245pt.

<../results/appendix/figures/op_ovr_by_pnw_quintile.pdf, id=322, 433.62pt x 289
.08pt>
File: ../results/appendix/figures/op_ovr_by_pnw_quintile.pdf Graphic file (type
 pdf)
 <use ../results/appendix/figures/op_ovr_by_pnw_quintile.pdf>
Package pdftex.def Info: ../results/appendix/figures/op_ovr_by_pnw_quintile.pdf
 used on input line 328.
(pdftex.def)             Requested size: 225.4804pt x 150.32245pt.

<../results/appendix/figures/drug_ovr_by_pnw_quintile.pdf, id=323, 433.62pt x 2
89.08pt>
File: ../results/appendix/figures/drug_ovr_by_pnw_quintile.pdf Graphic file (ty
pe pdf)
 <use ../results/appendix/figures/drug_ovr_by_pnw_quintile.pdf>
Package pdftex.def Info: ../results/appendix/figures/drug_ovr_by_pnw_quintile.p
df used on input line 329.
(pdftex.def)             Requested size: 225.4804pt x 150.32245pt.


Package caption Warning: \captionsetup{subtype*=...} or \subcaptionof
(caption)                outside box or environment on input line 333.
See the caption package documentation for explanation.


Package caption Warning: \subcaption
(caption)                outside box or environment on input line 333.
See the caption package documentation for explanation.

[15 <../results/appendix/figures/opioid_by_pnw_quintile.pdf> <../results/append
ix/figures/drug_by_pnw_quintile.pdf> <../results/appendix/figures/op_ovr_by_pnw
_quintile.pdf> <../results/appendix/figures/drug_ovr_by_pnw_quintile.pdf>]
<../results/appendix/figures/opioid_by_man_quintile.pdf, id=368, 433.62pt x 289
.08pt>
File: ../results/appendix/figures/opioid_by_man_quintile.pdf Graphic file (type
 pdf)
 <use ../results/appendix/figures/opioid_by_man_quintile.pdf>
Package pdftex.def Info: ../results/appendix/figures/opioid_by_man_quintile.pdf
 used on input line 345.
(pdftex.def)             Requested size: 225.4804pt x 150.32245pt.

<../results/appendix/figures/drug_by_man_quintile.pdf, id=369, 433.62pt x 289.0
8pt>
File: ../results/appendix/figures/drug_by_man_quintile.pdf Graphic file (type p
df)
 <use ../results/appendix/figures/drug_by_man_quintile.pdf>
Package pdftex.def Info: ../results/appendix/figures/drug_by_man_quintile.pdf u
sed on input line 346.
(pdftex.def)             Requested size: 225.4804pt x 150.32245pt.

<../results/appendix/figures/op_ovr_by_man_quintile.pdf, id=370, 433.62pt x 289
.08pt>
File: ../results/appendix/figures/op_ovr_by_man_quintile.pdf Graphic file (type
 pdf)
 <use ../results/appendix/figures/op_ovr_by_man_quintile.pdf>
Package pdftex.def Info: ../results/appendix/figures/op_ovr_by_man_quintile.pdf
 used on input line 352.
(pdftex.def)             Requested size: 225.4804pt x 150.32245pt.

<../results/appendix/figures/drug_ovr_by_man_quintile.pdf, id=371, 433.62pt x 2
89.08pt>
File: ../results/appendix/figures/drug_ovr_by_man_quintile.pdf Graphic file (ty
pe pdf)
 <use ../results/appendix/figures/drug_ovr_by_man_quintile.pdf>
Package pdftex.def Info: ../results/appendix/figures/drug_ovr_by_man_quintile.p
df used on input line 353.
(pdftex.def)             Requested size: 225.4804pt x 150.32245pt.


Package caption Warning: \captionsetup{subtype*=...} or \subcaptionof
(caption)                outside box or environment on input line 357.
See the caption package documentation for explanation.


Package caption Warning: \subcaption
(caption)                outside box or environment on input line 357.
See the caption package documentation for explanation.

[16 <../results/appendix/figures/opioid_by_man_quintile.pdf> <../results/append
ix/figures/drug_by_man_quintile.pdf> <../results/appendix/figures/op_ovr_by_man
_quintile.pdf> <../results/appendix/figures/drug_ovr_by_man_quintile.pdf>]
<../results/appendix/figures/opioid_by_imp_exp_quintile.pdf, id=416, 433.62pt x
 289.08pt>
File: ../results/appendix/figures/opioid_by_imp_exp_quintile.pdf Graphic file (
type pdf)
 <use ../results/appendix/figures/opioid_by_imp_exp_quintile.pdf>
Package pdftex.def Info: ../results/appendix/figures/opioid_by_imp_exp_quintile
.pdf used on input line 369.
(pdftex.def)             Requested size: 225.4804pt x 150.32245pt.

<../results/appendix/figures/drug_by_imp_exp_quintile.pdf, id=417, 433.62pt x 2
89.08pt>
File: ../results/appendix/figures/drug_by_imp_exp_quintile.pdf Graphic file (ty
pe pdf)
 <use ../results/appendix/figures/drug_by_imp_exp_quintile.pdf>
Package pdftex.def Info: ../results/appendix/figures/drug_by_imp_exp_quintile.p
df used on input line 370.
(pdftex.def)             Requested size: 225.4804pt x 150.32245pt.

<../results/appendix/figures/op_ovr_by_imp_exp_quintile.pdf, id=418, 433.62pt x
 289.08pt>
File: ../results/appendix/figures/op_ovr_by_imp_exp_quintile.pdf Graphic file (
type pdf)
 <use ../results/appendix/figures/op_ovr_by_imp_exp_quintile.pdf>
Package pdftex.def Info: ../results/appendix/figures/op_ovr_by_imp_exp_quintile
.pdf used on input line 376.
(pdftex.def)             Requested size: 225.4804pt x 150.32245pt.

<../results/appendix/figures/drug_ovr_by_imp_exp_quintile.pdf, id=419, 433.62pt
 x 289.08pt>
File: ../results/appendix/figures/drug_ovr_by_imp_exp_quintile.pdf Graphic file
 (type pdf)

<use ../results/appendix/figures/drug_ovr_by_imp_exp_quintile.pdf>
Package pdftex.def Info: ../results/appendix/figures/drug_ovr_by_imp_exp_quinti
le.pdf used on input line 377.
(pdftex.def)             Requested size: 225.4804pt x 150.32245pt.


Package caption Warning: \captionsetup{subtype*=...} or \subcaptionof
(caption)                outside box or environment on input line 381.
See the caption package documentation for explanation.


Package caption Warning: \subcaption
(caption)                outside box or environment on input line 381.
See the caption package documentation for explanation.

[17 <../results/appendix/figures/opioid_by_imp_exp_quintile.pdf> <../results/ap
pendix/figures/drug_by_imp_exp_quintile.pdf> <../results/appendix/figures/op_ov
r_by_imp_exp_quintile.pdf> <../results/appendix/figures/drug_ovr_by_imp_exp_qui
ntile.pdf>]
<../results/appendix/figures/placebos.pdf, id=465, 433.62pt x 289.08pt>
File: ../results/appendix/figures/placebos.pdf Graphic file (type pdf)

<use ../results/appendix/figures/placebos.pdf>
Package pdftex.def Info: ../results/appendix/figures/placebos.pdf used on input
 line 392.
(pdftex.def)             Requested size: 469.75502pt x 313.1854pt.


Package caption Warning: \captionsetup{subtype*=...} or \subcaptionof
(caption)                outside box or environment on input line 395.
See the caption package documentation for explanation.


Package caption Warning: \subcaption
(caption)                outside box or environment on input line 395.
See the caption package documentation for explanation.


<../results/appendix/figures/op_ovr_all_spec.pdf, id=466, 433.62pt x 289.08pt>
File: ../results/appendix/figures/op_ovr_all_spec.pdf Graphic file (type pdf)

<use ../results/appendix/figures/op_ovr_all_spec.pdf>
Package pdftex.def Info: ../results/appendix/figures/op_ovr_all_spec.pdf used o
n input line 404.
(pdftex.def)             Requested size: 469.75502pt x 313.1854pt.


Package caption Warning: \captionsetup{subtype*=...} or \subcaptionof
(caption)                outside box or environment on input line 407.
See the caption package documentation for explanation.


Package caption Warning: \subcaption
(caption)                outside box or environment on input line 407.
See the caption package documentation for explanation.


LaTeX Warning: `h' float specifier changed to `ht'.

[18 <../results/appendix/figures/placebos.pdf>]
<../results/appendix/figures/figure_A9_drug_deaths_by_race_over_time.pdf, id=48
3, 433.62pt x 289.08pt>
File: ../results/appendix/figures/figure_A9_drug_deaths_by_race_over_time.pdf G
raphic file (type pdf)

<use ../results/appendix/figures/figure_A9_drug_deaths_by_race_over_time.pdf>
Package pdftex.def Info: ../results/appendix/figures/figure_A9_drug_deaths_by_r
ace_over_time.pdf used on input line 418.
(pdftex.def)             Requested size: 469.75502pt x 313.1854pt.


LaTeX Warning: `h' float specifier changed to `ht'.


<../results/appendix/figures/power_analysis_results.pdf, id=484, 433.62pt x 289
.08pt>
File: ../results/appendix/figures/power_analysis_results.pdf Graphic file (type
 pdf)
 <use ../results/appendix/figures/power_analysis_results.pdf>
Package pdftex.def Info: ../results/appendix/figures/power_analysis_results.pdf
 used on input line 429.
(pdftex.def)             Requested size: 469.75502pt x 313.1854pt.


Package caption Warning: \captionsetup{subtype*=...} or \subcaptionof
(caption)                outside box or environment on input line 430.
See the caption package documentation for explanation.


Package caption Warning: \subcaption
(caption)                outside box or environment on input line 430.
See the caption package documentation for explanation.


LaTeX Warning: `h' float specifier changed to `ht'.

(../results/appendix/tables/table_a1_different_time_trends.tex)
(../results/appendix/tables/table_a2_st_summary_statistics_weighted.tex
Overfull \hbox (6.0pt too wide) detected at line 4
 
 []


Overfull \hbox (12.0pt too wide) detected at line 4
 
 []


Overfull \hbox (6.0pt too wide) detected at line 5
 
 []


Overfull \hbox (6.0pt too wide) detected at line 5
 
 []


Overfull \hbox (6.0pt too wide) detected at line 5
 
 []


Overfull \hbox (12.0pt too wide) detected at line 5
 
 []


Overfull \hbox (6.0pt too wide) detected at line 6
 
 []


Overfull \hbox (6.0pt too wide) detected at line 6
 
 []


Overfull \hbox (6.0pt too wide) detected at line 6
 
 []


Overfull \hbox (12.0pt too wide) detected at line 6
 
 []


Overfull \hbox (18.0pt too wide) detected at line 7
 
 []


Overfull \hbox (18.0pt too wide) detected at line 7
 
 []


Overfull \hbox (18.0pt too wide) detected at line 7
 
 []


Overfull \hbox (12.0pt too wide) detected at line 7
 
 []


Overfull \hbox (6.0pt too wide) detected at line 9
 
 []


Overfull \hbox (6.0pt too wide) detected at line 9
 
 []


Overfull \hbox (12.0pt too wide) detected at line 9
 
 []


Overfull \hbox (12.0pt too wide) detected at line 9
 
 []


Overfull \hbox (6.0pt too wide) detected at line 10
 
 []


Overfull \hbox (12.0pt too wide) detected at line 10
 
 []


Overfull \hbox (6.0pt too wide) detected at line 11
 
 []


Overfull \hbox (12.0pt too wide) detected at line 11
 
 []


Overfull \hbox (6.0pt too wide) detected at line 12
 
 []


Overfull \hbox (6.0pt too wide) detected at line 12
 
 []


Overfull \hbox (12.0pt too wide) detected at line 12
 
 []


Overfull \hbox (6.0pt too wide) detected at line 13
 
 []


Overfull \hbox (12.0pt too wide) detected at line 13
 
 []


Overfull \hbox (6.0pt too wide) detected at line 14
 
 []


Overfull \hbox (12.0pt too wide) detected at line 14
 
 []


Overfull \hbox (6.0pt too wide) detected at line 16
 
 []


Overfull \hbox (6.0pt too wide) detected at line 16
 
 []


Overfull \hbox (12.0pt too wide) detected at line 16
 
 []


Overfull \hbox (12.0pt too wide) detected at line 16
 
 []


Overfull \hbox (6.0pt too wide) detected at line 17
 
 []


Overfull \hbox (12.0pt too wide) detected at line 17
 
 []


Overfull \hbox (6.0pt too wide) detected at line 18
 
 []


Overfull \hbox (12.0pt too wide) detected at line 18
 
 []


Overfull \hbox (6.0pt too wide) detected at line 19
 
 []


Overfull \hbox (6.0pt too wide) detected at line 19
 
 []


Overfull \hbox (12.0pt too wide) detected at line 19
 
 []


Overfull \hbox (6.0pt too wide) detected at line 21
 
 []


Overfull \hbox (12.0pt too wide) detected at line 21
 
 []


Overfull \hbox (6.0pt too wide) detected at line 22
 
 []


Overfull \hbox (12.0pt too wide) detected at line 22
 
 []


Overfull \hbox (6.0pt too wide) detected at line 23
 
 []


Overfull \hbox (12.0pt too wide) detected at line 23
 
 []


Overfull \hbox (6.0pt too wide) detected at line 24
 
 []


Overfull \hbox (12.0pt too wide) detected at line 24
 
 []


Overfull \hbox (6.0pt too wide) detected at line 26
 
 []


Overfull \hbox (12.0pt too wide) detected at line 26
 
 []


Overfull \hbox (12.0pt too wide) detected at line 26
 
 []


Overfull \hbox (6.0pt too wide) detected at line 27
 
 []


Overfull \hbox (12.0pt too wide) detected at line 27
 
 []


Overfull \hbox (6.0pt too wide) detected at line 28
 
 []


Overfull \hbox (12.0pt too wide) detected at line 28
 
 []


Overfull \hbox (6.0pt too wide) detected at line 29
 
 []


Overfull \hbox (12.0pt too wide) detected at line 29
 
 []


Overfull \hbox (6.0pt too wide) detected at line 31
 
 []


Overfull \hbox (12.0pt too wide) detected at line 31
 
 []


Overfull \hbox (6.0pt too wide) detected at line 32
 
 []


Overfull \hbox (6.0pt too wide) detected at line 32
 
 []


Overfull \hbox (6.0pt too wide) detected at line 32
 
 []


Overfull \hbox (12.0pt too wide) detected at line 32
 
 []


Overfull \hbox (6.0pt too wide) detected at line 33
 
 []


Overfull \hbox (6.0pt too wide) detected at line 33
 
 []


Overfull \hbox (6.0pt too wide) detected at line 33
 
 []


Overfull \hbox (12.0pt too wide) detected at line 33
 
 []


Overfull \hbox (18.0pt too wide) detected at line 34
 
 []


Overfull \hbox (18.0pt too wide) detected at line 34
 
 []


Overfull \hbox (18.0pt too wide) detected at line 34
 
 []


Overfull \hbox (12.0pt too wide) detected at line 34
 
 []


Overfull \hbox (6.0pt too wide) detected at line 36
 
 []


Overfull \hbox (6.0pt too wide) detected at line 36
 
 []


Overfull \hbox (12.0pt too wide) detected at line 36
 
 []


Overfull \hbox (12.0pt too wide) detected at line 36
 
 []


Overfull \hbox (6.0pt too wide) detected at line 37
 
 []


Overfull \hbox (6.0pt too wide) detected at line 37
 
 []


Overfull \hbox (6.0pt too wide) detected at line 37
 
 []


Overfull \hbox (12.0pt too wide) detected at line 37
 
 []


Overfull \hbox (6.0pt too wide) detected at line 38
 
 []


Overfull \hbox (6.0pt too wide) detected at line 38
 
 []


Overfull \hbox (12.0pt too wide) detected at line 38
 
 []


Overfull \hbox (12.0pt too wide) detected at line 39
 
 []


Overfull \hbox (6.0pt too wide) detected at line 39
 
 []


Overfull \hbox (12.0pt too wide) detected at line 39
 
 []


Overfull \hbox (12.0pt too wide) detected at line 39
 
 []


Overfull \hbox (12.0pt too wide) detected at line 39
 
 []


Overfull \hbox (6.0pt too wide) detected at line 41
 
 []


Overfull \hbox (6.0pt too wide) detected at line 41
 
 []


Overfull \hbox (12.0pt too wide) detected at line 41
 
 []


Overfull \hbox (12.0pt too wide) detected at line 41
 
 []


Overfull \hbox (6.0pt too wide) detected at line 42
 
 []


Overfull \hbox (6.0pt too wide) detected at line 42
 
 []


Overfull \hbox (12.0pt too wide) detected at line 42
 
 []


Overfull \hbox (12.0pt too wide) detected at line 42
 
 []


Overfull \hbox (6.0pt too wide) detected at line 43
 
 []


Overfull \hbox (6.0pt too wide) detected at line 43
 
 []


Overfull \hbox (6.0pt too wide) detected at line 43
 
 []


Overfull \hbox (6.0pt too wide) detected at line 43
 
 []


Overfull \hbox (12.0pt too wide) detected at line 44
 
 []


Overfull \hbox (6.0pt too wide) detected at line 44
 
 []


Overfull \hbox (12.0pt too wide) detected at line 44
 
 []


Overfull \hbox (12.0pt too wide) detected at line 44
 
 []


Overfull \hbox (6.0pt too wide) detected at line 46
 
 []


Overfull \hbox (12.0pt too wide) detected at line 46
 
 []


Overfull \hbox (6.0pt too wide) detected at line 47
 
 []


Overfull \hbox (6.0pt too wide) detected at line 47
 
 []


Overfull \hbox (6.0pt too wide) detected at line 47
 
 []


Overfull \hbox (6.0pt too wide) detected at line 47
 
 []


Overfull \hbox (6.0pt too wide) detected at line 47
 
 []


Overfull \hbox (6.0pt too wide) detected at line 48
 
 []


Overfull \hbox (6.0pt too wide) detected at line 48
 
 []


Overfull \hbox (6.0pt too wide) detected at line 48
 
 []


Overfull \hbox (6.0pt too wide) detected at line 48
 
 []


Overfull \hbox (12.0pt too wide) detected at line 49
 
 []


Overfull \hbox (6.0pt too wide) detected at line 49
 
 []


Overfull \hbox (6.0pt too wide) detected at line 49
 
 []


Overfull \hbox (12.0pt too wide) detected at line 49
 
 []


Overfull \hbox (12.0pt too wide) detected at line 49
 
 []


Overfull \hbox (6.0pt too wide) detected at line 51
 
 []


Overfull \hbox (6.0pt too wide) detected at line 51
 
 []


Overfull \hbox (12.0pt too wide) detected at line 51
 
 []


Overfull \hbox (6.0pt too wide) detected at line 52
 
 []


Overfull \hbox (6.0pt too wide) detected at line 52
 
 []


Overfull \hbox (6.0pt too wide) detected at line 52
 
 []


Overfull \hbox (6.0pt too wide) detected at line 52
 
 []


Overfull \hbox (6.0pt too wide) detected at line 53
 
 []


Overfull \hbox (6.0pt too wide) detected at line 53
 
 []


Overfull \hbox (12.0pt too wide) detected at line 54
 
 []


Overfull \hbox (6.0pt too wide) detected at line 54
 
 []


Overfull \hbox (6.0pt too wide) detected at line 54
 
 []


Overfull \hbox (12.0pt too wide) detected at line 54
 
 []


Overfull \hbox (6.0pt too wide) detected at line 54
 
 []


Overfull \hbox (6.0pt too wide) detected at line 56
 
 []


Overfull \hbox (6.0pt too wide) detected at line 56
 
 []


Overfull \hbox (18.0pt too wide) detected at line 56
 
 []


Overfull \hbox (12.0pt too wide) detected at line 57
 
 []


Overfull \hbox (18.0pt too wide) detected at line 57
 
 []


Overfull \hbox (24.0pt too wide) detected at line 57
 
 []


Overfull \hbox (18.0pt too wide) detected at line 57
 
 []


Overfull \hbox (18.0pt too wide) detected at line 58
 
 []


Overfull \hbox (6.0pt too wide) detected at line 59
 
 []


Overfull \hbox (6.0pt too wide) detected at line 59
 
 []


Overfull \hbox (6.0pt too wide) detected at line 59
 
 []


Overfull \hbox (12.0pt too wide) detected at line 59
 
 []


Overfull \hbox (18.0pt too wide) detected at line 59
 
 []


Overfull \hbox (6.0pt too wide) detected at line 61
 
 []


Overfull \hbox (6.0pt too wide) detected at line 61
 
 []


Overfull \hbox (6.0pt too wide) detected at line 61
 
 []


Overfull \hbox (6.0pt too wide) detected at line 61
 
 []


Overfull \hbox (12.0pt too wide) detected at line 61
 
 []


Overfull \hbox (12.0pt too wide) detected at line 62
 
 []


Overfull \hbox (18.0pt too wide) detected at line 62
 
 []


Overfull \hbox (24.0pt too wide) detected at line 62
 
 []


Overfull \hbox (12.0pt too wide) detected at line 62
 
 []


Overfull \hbox (12.0pt too wide) detected at line 63
 
 []


Overfull \hbox (6.0pt too wide) detected at line 64
 
 []


Overfull \hbox (6.0pt too wide) detected at line 64
 
 []


Overfull \hbox (6.0pt too wide) detected at line 64
 
 []


Overfull \hbox (12.0pt too wide) detected at line 64
 
 []


Overfull \hbox (18.0pt too wide) detected at line 64
 
 []


Overfull \hbox (6.0pt too wide) detected at line 65
 
 []


Overfull \hbox (12.0pt too wide) detected at line 65
 
 []


Overfull \hbox (18.0pt too wide) detected at line 65
 
 []


Overfull \hbox (6.0pt too wide) detected at line 66
 
 []


Overfull \hbox (12.0pt too wide) detected at line 66
 
 []


Overfull \hbox (18.0pt too wide) detected at line 66
 
 []


Overfull \hbox (6.0pt too wide) detected at line 67
 
 []


Overfull \hbox (18.0pt too wide) detected at line 67
 
 []


Overfull \hbox (6.0pt too wide) detected at line 68
 
 []


Overfull \hbox (18.0pt too wide) detected at line 68
 
 []


Overfull \hbox (12.0pt too wide) detected at line 69
 
 []


Overfull \hbox (6.0pt too wide) detected at line 69
 
 []


Overfull \hbox (12.0pt too wide) detected at line 69
 
 []


Overfull \hbox (18.0pt too wide) detected at line 69
 
 []


Overfull \hbox (6.0pt too wide) detected at line 70
 
 []


Overfull \hbox (6.0pt too wide) detected at line 70
 
 []


Overfull \hbox (6.0pt too wide) detected at line 70
 
 []


Overfull \hbox (12.0pt too wide) detected at line 70
 
 []


Overfull \hbox (18.0pt too wide) detected at line 70
 
 []


Overfull \hbox (6.0pt too wide) detected at line 71
 
 []


Overfull \hbox (6.0pt too wide) detected at line 71
 
 []


Overfull \hbox (12.0pt too wide) detected at line 71
 
 []


Overfull \hbox (18.0pt too wide) detected at line 71
 
 []


Overfull \hbox (12.0pt too wide) detected at line 72
 
 []


Overfull \hbox (12.0pt too wide) detected at line 72
 
 []


Overfull \hbox (12.0pt too wide) detected at line 72
 
 []


Overfull \hbox (18.0pt too wide) detected at line 72
 
 []


Overfull \hbox (18.0pt too wide) detected at line 72
 
 []


Overfull \hbox (12.0pt too wide) detected at line 73
 
 []


Overfull \hbox (6.0pt too wide) detected at line 73
 
 []


Overfull \hbox (12.0pt too wide) detected at line 73
 
 []


Overfull \hbox (12.0pt too wide) detected at line 73
 
 []


Overfull \hbox (18.0pt too wide) detected at line 73
 
 []


Overfull \hbox (12.0pt too wide) detected at line 74
 
 []


Overfull \hbox (12.0pt too wide) detected at line 74
 
 []


Overfull \hbox (12.0pt too wide) detected at line 74
 
 []


Overfull \hbox (18.0pt too wide) detected at line 74
 
 []


Overfull \hbox (18.0pt too wide) detected at line 74
 
 []


Overfull \hbox (6.0pt too wide) detected at line 75
 
 []


Overfull \hbox (6.0pt too wide) detected at line 75
 
 []


Overfull \hbox (12.0pt too wide) detected at line 75
 
 []


Overfull \hbox (18.0pt too wide) detected at line 75
 
 []

)

LaTeX Warning: Float too large for page by 13.87361pt on input line 477.

(../results/appendix/tables/table_a3_county_by_race_median_income.tex)
(../results/appendix/tables/table_a4_ratio_state_deaths_by_type.tex)
(../results/appendix/tables/table_a5_no_op_county_by_race.tex) [19 <../results/
appendix/figures/op_ovr_all_spec.pdf>] [20 <../results/appendix/figures/figure_
A9_drug_deaths_by_race_over_time.pdf>] [21 <../results/appendix/figures/power_a
nalysis_results.pdf>] [22] [23] [24] [25] [26]
(../results/appendix/tables/table_a6_all_county_combined_robust_se_heroin_only.
tex) [27

]
(../results/appendix/tables/table_a7_white_county_combined_robust_se.tex)
[28] (../results/appendix/tables/table_a8_black_county_combined_robust_se.tex)
[29] (../results/appendix/tables/table_a9_hisp_county_combined_robust_se.tex)
[30] (../results/appendix/tables/table_a10_county_boom_bust.tex)
(../results/appendix/tables/table_a11_county_multiple_inf.tex
Overfull \hbox (12.0pt too wide) detected at line 6
 
 []


Overfull \hbox (12.0pt too wide) detected at line 6
 
 []


Overfull \hbox (12.0pt too wide) detected at line 6
 
 []


Overfull \hbox (12.0pt too wide) detected at line 6
 
 []


Overfull \hbox (12.0pt too wide) detected at line 7
 
 []


Overfull \hbox (12.0pt too wide) detected at line 7
 
 []


Overfull \hbox (12.0pt too wide) detected at line 7
 
 []


Overfull \hbox (12.0pt too wide) detected at line 7
 
 []


Overfull \hbox (12.0pt too wide) detected at line 11
 
 []


Overfull \hbox (12.0pt too wide) detected at line 11
 
 []


Overfull \hbox (12.0pt too wide) detected at line 11
 
 []


Overfull \hbox (12.0pt too wide) detected at line 11
 
 []


Overfull \hbox (12.0pt too wide) detected at line 12
 
 []


Overfull \hbox (12.0pt too wide) detected at line 12
 
 []


Overfull \hbox (12.0pt too wide) detected at line 12
 
 []


Overfull \hbox (12.0pt too wide) detected at line 12
 
 []

) (../results/appendix/tables/table_a12_all_full_ed.tex)
Package atveryend Info: Empty hook `BeforeClearDocument' on input line 671.
 [31] [32] [33]
Package atveryend Info: Empty hook `AfterLastShipout' on input line 671.

(./tables_and_figures.aux)
Package atveryend Info: Executing hook `AtVeryEndDocument' on input line 671.
Package atveryend Info: Executing hook `AtEndAfterFileList' on input line 671.
Package rerunfilecheck Info: File `tables_and_figures.out' has not changed.
(rerunfilecheck)             Checksum: D41D8CD98F00B204E9800998ECF8427E;0.


LaTeX Warning: There were multiply-defined labels.

Package atveryend Info: Empty hook `AtVeryVeryEnd' on input line 671.
 ) 
Here is how much of TeX's memory you used:
 19216 strings out of 493089
 367024 string characters out of 3734842
 6394780 words of memory out of 11341581
 22243 multiletter control sequences out of 15000+200000
 45043 words of font info for 118 fonts, out of 8000000 for 9000
 1141 hyphenation exceptions out of 8191
 57i,18n,94p,10428b,756s stack positions out of 5000i,500n,10000p,200000b,80000s
{/usr/local/texlive/2015/texmf-dist/fonts/enc/dvips/base/8r.enc}</usr/local/t
exlive/2015/texmf-dist/fonts/type1/public/amsfonts/cm/cmmi10.pfb></usr/local/te
xlive/2015/texmf-dist/fonts/type1/urw/symbol/usyr.pfb></usr/local/texlive/2015/
texmf-dist/fonts/type1/urw/times/utmb8a.pfb></usr/local/texlive/2015/texmf-dist
/fonts/type1/urw/times/utmr8a.pfb></usr/local/texlive/2015/texmf-dist/fonts/typ
e1/urw/times/utmri8a.pfb>
Output written on tables_and_figures.pdf (33 pages, 1106948 bytes).
PDF statistics:
 638 PDF objects out of 1000 (max. 8388607)
 495 compressed objects within 5 object streams
 84 named destinations out of 1000 (max. 500000)
 161 words of extra memory for PDF output out of 10000 (max. 10000000)

